{"/home/kimjs9105/nb6-sprint-mission/src/app.ts": {"path":"/home/kimjs9105/nb6-sprint-mission/src/app.ts","statementMap":{"0":{"start":{"line":1,"column":0},"end":{"line":1,"column":30}},"1":{"start":{"line":2,"column":0},"end":{"line":2,"column":24}},"2":{"start":{"line":3,"column":0},"end":{"line":3,"column":24}},"3":{"start":{"line":4,"column":0},"end":{"line":4,"column":41}},"4":{"start":{"line":5,"column":0},"end":{"line":5,"column":58}},"5":{"start":{"line":6,"column":0},"end":{"line":6,"column":54}},"6":{"start":{"line":7,"column":0},"end":{"line":7,"column":54}},"7":{"start":{"line":8,"column":0},"end":{"line":8,"column":54}},"8":{"start":{"line":9,"column":0},"end":{"line":9,"column":50}},"9":{"start":{"line":10,"column":0},"end":{"line":10,"column":47}},"10":{"start":{"line":11,"column":0},"end":{"line":11,"column":48}},"11":{"start":{"line":12,"column":0},"end":{"line":12,"column":63}},"12":{"start":{"line":13,"column":0},"end":{"line":13,"column":92}},"13":{"start":{"line":15,"column":12},"end":{"line":15,"column":21}},"14":{"start":{"line":17,"column":0},"end":{"line":17,"column":16}},"15":{"start":{"line":18,"column":0},"end":{"line":18,"column":24}},"16":{"start":{"line":19,"column":0},"end":{"line":19,"column":24}},"17":{"start":{"line":20,"column":0},"end":{"line":20,"column":79}},"18":{"start":{"line":22,"column":0},"end":{"line":22,"column":37}},"19":{"start":{"line":23,"column":0},"end":{"line":23,"column":37}},"20":{"start":{"line":24,"column":0},"end":{"line":24,"column":37}},"21":{"start":{"line":25,"column":0},"end":{"line":25,"column":33}},"22":{"start":{"line":26,"column":0},"end":{"line":26,"column":29}},"23":{"start":{"line":27,"column":0},"end":{"line":27,"column":31}},"24":{"start":{"line":28,"column":0},"end":{"line":28,"column":46}},"25":{"start":{"line":30,"column":0},"end":{"line":30,"column":32}},"26":{"start":{"line":31,"column":0},"end":{"line":31,"column":28}},"27":{"start":{"line":33,"column":0},"end":{"line":33,"column":19}}},"fnMap":{},"branchMap":{},"s":{"0":5,"1":5,"2":5,"3":5,"4":5,"5":5,"6":5,"7":5,"8":5,"9":5,"10":5,"11":5,"12":5,"13":5,"14":5,"15":5,"16":5,"17":5,"18":5,"19":5,"20":5,"21":5,"22":5,"23":5,"24":5,"25":5,"26":5,"27":5},"f":{},"b":{}}
,"/home/kimjs9105/nb6-sprint-mission/src/controllers/article.controller.ts": {"path":"/home/kimjs9105/nb6-sprint-mission/src/controllers/article.controller.ts","statementMap":{"0":{"start":{"line":14,"column":0},"end":{"line":14,"column":22}},"1":{"start":{"line":23,"column":0},"end":{"line":23,"column":22}},"2":{"start":{"line":29,"column":0},"end":{"line":29,"column":22}},"3":{"start":{"line":39,"column":0},"end":{"line":39,"column":22}},"4":{"start":{"line":45,"column":0},"end":{"line":45,"column":22}},"5":{"start":{"line":51,"column":0},"end":{"line":51,"column":22}},"6":{"start":{"line":62,"column":0},"end":{"line":62,"column":22}},"7":{"start":{"line":72,"column":0},"end":{"line":72,"column":22}},"8":{"start":{"line":78,"column":0},"end":{"line":78,"column":22}},"9":{"start":{"line":2,"column":0},"end":{"line":2,"column":37}},"10":{"start":{"line":3,"column":0},"end":{"line":3,"column":58}},"11":{"start":{"line":4,"column":0},"end":{"line":4,"column":null}},"12":{"start":{"line":9,"column":0},"end":{"line":9,"column":95}},"13":{"start":{"line":10,"column":0},"end":{"line":10,"column":61}},"14":{"start":{"line":11,"column":0},"end":{"line":11,"column":61}},"15":{"start":{"line":12,"column":0},"end":{"line":12,"column":55}},"16":{"start":{"line":15,"column":15},"end":{"line":15,"column":56}},"17":{"start":{"line":16,"column":18},"end":{"line":18,"column":null}},"18":{"start":{"line":20,"column":2},"end":{"line":20,"column":32}},"19":{"start":{"line":24,"column":17},"end":{"line":24,"column":51}},"20":{"start":{"line":25,"column":18},"end":{"line":25,"column":54}},"21":{"start":{"line":26,"column":2},"end":{"line":26,"column":20}},"22":{"start":{"line":30,"column":17},"end":{"line":30,"column":51}},"23":{"start":{"line":31,"column":15},"end":{"line":31,"column":56}},"24":{"start":{"line":32,"column":25},"end":{"line":34,"column":null}},"25":{"start":{"line":36,"column":2},"end":{"line":36,"column":27}},"26":{"start":{"line":40,"column":17},"end":{"line":40,"column":51}},"27":{"start":{"line":41,"column":2},"end":{"line":41,"column":55}},"28":{"start":{"line":42,"column":2},"end":{"line":42,"column":25}},"29":{"start":{"line":46,"column":17},"end":{"line":46,"column":62}},"30":{"start":{"line":47,"column":17},"end":{"line":47,"column":61}},"31":{"start":{"line":48,"column":2},"end":{"line":48,"column":19}},"32":{"start":{"line":52,"column":28},"end":{"line":52,"column":62}},"33":{"start":{"line":53,"column":22},"end":{"line":53,"column":63}},"34":{"start":{"line":54,"column":25},"end":{"line":58,"column":4}},"35":{"start":{"line":59,"column":2},"end":{"line":59,"column":39}},"36":{"start":{"line":63,"column":28},"end":{"line":63,"column":62}},"37":{"start":{"line":64,"column":28},"end":{"line":64,"column":73}},"38":{"start":{"line":65,"column":17},"end":{"line":68,"column":4}},"39":{"start":{"line":69,"column":2},"end":{"line":69,"column":19}},"40":{"start":{"line":73,"column":28},"end":{"line":73,"column":62}},"41":{"start":{"line":74,"column":2},"end":{"line":74,"column":56}},"42":{"start":{"line":75,"column":2},"end":{"line":75,"column":25}},"43":{"start":{"line":79,"column":28},"end":{"line":79,"column":62}},"44":{"start":{"line":80,"column":2},"end":{"line":80,"column":56}},"45":{"start":{"line":81,"column":2},"end":{"line":81,"column":25}}},"fnMap":{"0":{"name":"createArticle","decl":{"start":{"line":14,"column":22},"end":{"line":14,"column":35}},"loc":{"start":{"line":14,"column":63},"end":{"line":21,"column":null}}},"1":{"name":"getArticle","decl":{"start":{"line":23,"column":22},"end":{"line":23,"column":32}},"loc":{"start":{"line":23,"column":60},"end":{"line":27,"column":null}}},"2":{"name":"updateArticle","decl":{"start":{"line":29,"column":22},"end":{"line":29,"column":35}},"loc":{"start":{"line":29,"column":63},"end":{"line":37,"column":null}}},"3":{"name":"deleteArticle","decl":{"start":{"line":39,"column":22},"end":{"line":39,"column":35}},"loc":{"start":{"line":39,"column":63},"end":{"line":43,"column":null}}},"4":{"name":"getArticleList","decl":{"start":{"line":45,"column":22},"end":{"line":45,"column":36}},"loc":{"start":{"line":45,"column":64},"end":{"line":49,"column":null}}},"5":{"name":"createComment","decl":{"start":{"line":51,"column":22},"end":{"line":51,"column":35}},"loc":{"start":{"line":51,"column":63},"end":{"line":60,"column":null}}},"6":{"name":"getCommentList","decl":{"start":{"line":62,"column":22},"end":{"line":62,"column":36}},"loc":{"start":{"line":62,"column":64},"end":{"line":70,"column":null}}},"7":{"name":"createLike","decl":{"start":{"line":72,"column":22},"end":{"line":72,"column":32}},"loc":{"start":{"line":72,"column":60},"end":{"line":76,"column":null}}},"8":{"name":"deleteLike","decl":{"start":{"line":78,"column":22},"end":{"line":78,"column":32}},"loc":{"start":{"line":78,"column":60},"end":{"line":82,"column":null}}}},"branchMap":{},"s":{"0":5,"1":5,"2":5,"3":5,"4":5,"5":5,"6":5,"7":5,"8":5,"9":5,"10":5,"11":5,"12":5,"13":5,"14":5,"15":5,"16":14,"17":12,"18":12,"19":4,"20":4,"21":2,"22":5,"23":5,"24":5,"25":3,"26":3,"27":3,"28":1,"29":8,"30":8,"31":8,"32":0,"33":0,"34":0,"35":0,"36":0,"37":0,"38":0,"39":0,"40":0,"41":0,"42":0,"43":0,"44":0,"45":0},"f":{"0":14,"1":4,"2":5,"3":3,"4":8,"5":0,"6":0,"7":0,"8":0},"b":{}}
,"/home/kimjs9105/nb6-sprint-mission/src/controllers/auth.controller.ts": {"path":"/home/kimjs9105/nb6-sprint-mission/src/controllers/auth.controller.ts","statementMap":{"0":{"start":{"line":8,"column":0},"end":{"line":8,"column":22}},"1":{"start":{"line":14,"column":0},"end":{"line":14,"column":22}},"2":{"start":{"line":21,"column":0},"end":{"line":21,"column":22}},"3":{"start":{"line":26,"column":0},"end":{"line":26,"column":22}},"4":{"start":{"line":2,"column":0},"end":{"line":2,"column":37}},"5":{"start":{"line":3,"column":0},"end":{"line":3,"column":97}},"6":{"start":{"line":4,"column":0},"end":{"line":4,"column":77}},"7":{"start":{"line":5,"column":0},"end":{"line":5,"column":54}},"8":{"start":{"line":6,"column":0},"end":{"line":6,"column":53}},"9":{"start":{"line":9,"column":15},"end":{"line":9,"column":51}},"10":{"start":{"line":10,"column":15},"end":{"line":10,"column":47}},"11":{"start":{"line":11,"column":2},"end":{"line":11,"column":46}},"12":{"start":{"line":15,"column":15},"end":{"line":15,"column":48}},"13":{"start":{"line":16,"column":40},"end":{"line":16,"column":69}},"14":{"start":{"line":17,"column":2},"end":{"line":17,"column":50}},"15":{"start":{"line":18,"column":2},"end":{"line":18,"column":25}},"16":{"start":{"line":22,"column":2},"end":{"line":22,"column":25}},"17":{"start":{"line":23,"column":2},"end":{"line":23,"column":25}},"18":{"start":{"line":27,"column":23},"end":{"line":27,"column":61}},"19":{"start":{"line":29,"column":4},"end":{"line":29,"column":48}},"20":{"start":{"line":30,"column":2},"end":{"line":30,"column":53}},"21":{"start":{"line":31,"column":2},"end":{"line":31,"column":25}},"22":{"start":{"line":35,"column":2},"end":{"line":39,"column":5}},"23":{"start":{"line":40,"column":2},"end":{"line":45,"column":5}},"24":{"start":{"line":49,"column":2},"end":{"line":49,"column":44}},"25":{"start":{"line":50,"column":2},"end":{"line":50,"column":45}}},"fnMap":{"0":{"name":"register","decl":{"start":{"line":8,"column":22},"end":{"line":8,"column":30}},"loc":{"start":{"line":8,"column":58},"end":{"line":12,"column":null}}},"1":{"name":"login","decl":{"start":{"line":14,"column":22},"end":{"line":14,"column":27}},"loc":{"start":{"line":14,"column":55},"end":{"line":19,"column":null}}},"2":{"name":"logout","decl":{"start":{"line":21,"column":22},"end":{"line":21,"column":28}},"loc":{"start":{"line":21,"column":56},"end":{"line":24,"column":null}}},"3":{"name":"refreshToken","decl":{"start":{"line":26,"column":22},"end":{"line":26,"column":34}},"loc":{"start":{"line":26,"column":62},"end":{"line":32,"column":null}}},"4":{"name":"setTokenCookies","decl":{"start":{"line":34,"column":9},"end":{"line":34,"column":24}},"loc":{"start":{"line":34,"column":81},"end":{"line":46,"column":1}}},"5":{"name":"clearTokenCookies","decl":{"start":{"line":48,"column":9},"end":{"line":48,"column":26}},"loc":{"start":{"line":48,"column":40},"end":{"line":51,"column":1}}}},"branchMap":{},"s":{"0":5,"1":5,"2":5,"3":5,"4":5,"5":5,"6":5,"7":5,"8":5,"9":90,"10":86,"11":85,"12":76,"13":73,"14":71,"15":71,"16":1,"17":1,"18":0,"19":0,"20":0,"21":0,"22":71,"23":71,"24":1,"25":1},"f":{"0":90,"1":76,"2":1,"3":0,"4":71,"5":1},"b":{}}
,"/home/kimjs9105/nb6-sprint-mission/src/controllers/comment.controller.ts": {"path":"/home/kimjs9105/nb6-sprint-mission/src/controllers/comment.controller.ts","statementMap":{"0":{"start":{"line":7,"column":0},"end":{"line":7,"column":22}},"1":{"start":{"line":14,"column":0},"end":{"line":14,"column":22}},"2":{"start":{"line":2,"column":0},"end":{"line":2,"column":37}},"3":{"start":{"line":3,"column":0},"end":{"line":3,"column":67}},"4":{"start":{"line":4,"column":0},"end":{"line":4,"column":58}},"5":{"start":{"line":5,"column":0},"end":{"line":5,"column":61}},"6":{"start":{"line":8,"column":17},"end":{"line":8,"column":51}},"7":{"start":{"line":9,"column":22},"end":{"line":9,"column":63}},"8":{"start":{"line":10,"column":25},"end":{"line":10,"column":86}},"9":{"start":{"line":11,"column":2},"end":{"line":11,"column":27}},"10":{"start":{"line":15,"column":17},"end":{"line":15,"column":51}},"11":{"start":{"line":16,"column":2},"end":{"line":16,"column":55}},"12":{"start":{"line":17,"column":2},"end":{"line":17,"column":25}}},"fnMap":{"0":{"name":"updateComment","decl":{"start":{"line":7,"column":22},"end":{"line":7,"column":35}},"loc":{"start":{"line":7,"column":63},"end":{"line":12,"column":null}}},"1":{"name":"deleteComment","decl":{"start":{"line":14,"column":22},"end":{"line":14,"column":35}},"loc":{"start":{"line":14,"column":63},"end":{"line":18,"column":null}}}},"branchMap":{},"s":{"0":5,"1":5,"2":5,"3":5,"4":5,"5":5,"6":0,"7":0,"8":0,"9":0,"10":0,"11":0,"12":0},"f":{"0":0,"1":0},"b":{}}
,"/home/kimjs9105/nb6-sprint-mission/src/controllers/error.controller.ts": {"path":"/home/kimjs9105/nb6-sprint-mission/src/controllers/error.controller.ts","statementMap":{"0":{"start":{"line":8,"column":0},"end":{"line":8,"column":16}},"1":{"start":{"line":16,"column":0},"end":{"line":16,"column":16}},"2":{"start":{"line":2,"column":0},"end":{"line":2,"column":42}},"3":{"start":{"line":3,"column":0},"end":{"line":3,"column":58}},"4":{"start":{"line":4,"column":0},"end":{"line":4,"column":54}},"5":{"start":{"line":5,"column":0},"end":{"line":5,"column":62}},"6":{"start":{"line":6,"column":0},"end":{"line":6,"column":56}},"7":{"start":{"line":13,"column":2},"end":{"line":13,"column":49}},"8":{"start":{"line":23,"column":2},"end":{"line":26,"column":3}},"9":{"start":{"line":24,"column":4},"end":{"line":24,"column":51}},"10":{"start":{"line":25,"column":4},"end":{"line":25,"column":11}},"11":{"start":{"line":29,"column":2},"end":{"line":32,"column":3}},"12":{"start":{"line":30,"column":4},"end":{"line":30,"column":54}},"13":{"start":{"line":31,"column":4},"end":{"line":31,"column":11}},"14":{"start":{"line":35,"column":2},"end":{"line":39,"column":3}},"15":{"start":{"line":36,"column":4},"end":{"line":36,"column":23}},"16":{"start":{"line":37,"column":4},"end":{"line":37,"column":64}},"17":{"start":{"line":38,"column":4},"end":{"line":38,"column":11}},"18":{"start":{"line":42,"column":2},"end":{"line":45,"column":3}},"19":{"start":{"line":43,"column":4},"end":{"line":43,"column":51}},"20":{"start":{"line":44,"column":4},"end":{"line":44,"column":11}},"21":{"start":{"line":47,"column":2},"end":{"line":50,"column":3}},"22":{"start":{"line":48,"column":4},"end":{"line":48,"column":51}},"23":{"start":{"line":49,"column":4},"end":{"line":49,"column":11}},"24":{"start":{"line":52,"column":2},"end":{"line":55,"column":3}},"25":{"start":{"line":53,"column":4},"end":{"line":53,"column":51}},"26":{"start":{"line":54,"column":4},"end":{"line":54,"column":11}},"27":{"start":{"line":57,"column":2},"end":{"line":57,"column":21}},"28":{"start":{"line":58,"column":2},"end":{"line":58,"column":61}}},"fnMap":{"0":{"name":"defaultNotFoundHandler","decl":{"start":{"line":8,"column":16},"end":{"line":8,"column":38}},"loc":{"start":{"line":11,"column":20},"end":{"line":14,"column":1}}},"1":{"name":"globalErrorHandler","decl":{"start":{"line":16,"column":16},"end":{"line":16,"column":34}},"loc":{"start":{"line":20,"column":20},"end":{"line":59,"column":1}}}},"branchMap":{"0":{"loc":{"start":{"line":23,"column":2},"end":{"line":26,"column":3}},"type":"if","locations":[{"start":{"line":23,"column":2},"end":{"line":26,"column":3}},{"start":{},"end":{}}]},"1":{"loc":{"start":{"line":23,"column":6},"end":{"line":23,"column":66}},"type":"binary-expr","locations":[{"start":{"line":23,"column":6},"end":{"line":23,"column":32}},{"start":{"line":23,"column":36},"end":{"line":23,"column":66}}]},"2":{"loc":{"start":{"line":29,"column":2},"end":{"line":32,"column":3}},"type":"if","locations":[{"start":{"line":29,"column":2},"end":{"line":32,"column":3}},{"start":{},"end":{}}]},"3":{"loc":{"start":{"line":29,"column":6},"end":{"line":29,"column":49}},"type":"binary-expr","locations":[{"start":{"line":29,"column":6},"end":{"line":29,"column":32}},{"start":{"line":29,"column":36},"end":{"line":29,"column":49}}]},"4":{"loc":{"start":{"line":35,"column":2},"end":{"line":39,"column":3}},"type":"if","locations":[{"start":{"line":35,"column":2},"end":{"line":39,"column":3}},{"start":{},"end":{}}]},"5":{"loc":{"start":{"line":42,"column":2},"end":{"line":45,"column":3}},"type":"if","locations":[{"start":{"line":42,"column":2},"end":{"line":45,"column":3}},{"start":{},"end":{}}]},"6":{"loc":{"start":{"line":47,"column":2},"end":{"line":50,"column":3}},"type":"if","locations":[{"start":{"line":47,"column":2},"end":{"line":50,"column":3}},{"start":{},"end":{}}]},"7":{"loc":{"start":{"line":52,"column":2},"end":{"line":55,"column":3}},"type":"if","locations":[{"start":{"line":52,"column":2},"end":{"line":55,"column":3}},{"start":{},"end":{}}]}},"s":{"0":5,"1":5,"2":5,"3":5,"4":5,"5":5,"6":5,"7":0,"8":27,"9":15,"10":15,"11":12,"12":0,"13":0,"14":12,"15":0,"16":0,"17":0,"18":12,"19":8,"20":8,"21":4,"22":0,"23":0,"24":4,"25":4,"26":4,"27":0,"28":0},"f":{"0":0,"1":27},"b":{"0":[15,12],"1":[27,15],"2":[0,12],"3":[12,0],"4":[0,12],"5":[8,4],"6":[0,4],"7":[4,0]}}
,"/home/kimjs9105/nb6-sprint-mission/src/controllers/image.controller.ts": {"path":"/home/kimjs9105/nb6-sprint-mission/src/controllers/image.controller.ts","statementMap":{"0":{"start":{"line":37,"column":0},"end":{"line":37,"column":22}},"1":{"start":{"line":2,"column":0},"end":{"line":2,"column":28}},"2":{"start":{"line":3,"column":0},"end":{"line":3,"column":24}},"3":{"start":{"line":4,"column":0},"end":{"line":4,"column":36}},"4":{"start":{"line":5,"column":0},"end":{"line":5,"column":58}},"5":{"start":{"line":6,"column":0},"end":{"line":6,"column":58}},"6":{"start":{"line":8,"column":27},"end":{"line":8,"column":67}},"7":{"start":{"line":9,"column":24},"end":{"line":9,"column":39}},"8":{"start":{"line":11,"column":13},"end":{"line":35,"column":3}},"9":{"start":{"line":14,"column":6},"end":{"line":14,"column":28}},"10":{"start":{"line":17,"column":18},"end":{"line":17,"column":49}},"11":{"start":{"line":18,"column":23},"end":{"line":18,"column":42}},"12":{"start":{"line":19,"column":6},"end":{"line":19,"column":25}},"13":{"start":{"line":28,"column":4},"end":{"line":31,"column":5}},"14":{"start":{"line":29,"column":18},"end":{"line":29,"column":76}},"15":{"start":{"line":30,"column":6},"end":{"line":30,"column":21}},"16":{"start":{"line":33,"column":4},"end":{"line":33,"column":19}},"17":{"start":{"line":38,"column":15},"end":{"line":38,"column":30}},"18":{"start":{"line":39,"column":2},"end":{"line":41,"column":3}},"19":{"start":{"line":40,"column":4},"end":{"line":40,"column":50}},"20":{"start":{"line":42,"column":2},"end":{"line":44,"column":3}},"21":{"start":{"line":43,"column":4},"end":{"line":43,"column":50}},"22":{"start":{"line":45,"column":19},"end":{"line":45,"column":66}},"23":{"start":{"line":46,"column":14},"end":{"line":46,"column":34}},"24":{"start":{"line":47,"column":2},"end":{"line":47,"column":20}}},"fnMap":{"0":{"name":"(anonymous_8)","decl":{"start":{"line":13,"column":4},"end":{"line":13,"column":15}},"loc":{"start":{"line":13,"column":29},"end":{"line":15,"column":5}}},"1":{"name":"(anonymous_9)","decl":{"start":{"line":16,"column":4},"end":{"line":16,"column":12}},"loc":{"start":{"line":16,"column":26},"end":{"line":20,"column":5}}},"2":{"name":"(anonymous_10)","decl":{"start":{"line":27,"column":14},"end":{"line":27,"column":24}},"loc":{"start":{"line":27,"column":37},"end":{"line":34,"column":3}}},"3":{"name":"uploadImage","decl":{"start":{"line":37,"column":22},"end":{"line":37,"column":33}},"loc":{"start":{"line":37,"column":61},"end":{"line":48,"column":null}}}},"branchMap":{"0":{"loc":{"start":{"line":28,"column":4},"end":{"line":31,"column":5}},"type":"if","locations":[{"start":{"line":28,"column":4},"end":{"line":31,"column":5}},{"start":{},"end":{}}]},"1":{"loc":{"start":{"line":39,"column":2},"end":{"line":41,"column":3}},"type":"if","locations":[{"start":{"line":39,"column":2},"end":{"line":41,"column":3}},{"start":{},"end":{}}]},"2":{"loc":{"start":{"line":42,"column":2},"end":{"line":44,"column":3}},"type":"if","locations":[{"start":{"line":42,"column":2},"end":{"line":44,"column":3}},{"start":{},"end":{}}]}},"s":{"0":5,"1":5,"2":5,"3":5,"4":5,"5":5,"6":5,"7":5,"8":5,"9":0,"10":0,"11":0,"12":0,"13":0,"14":0,"15":0,"16":0,"17":0,"18":0,"19":0,"20":0,"21":0,"22":0,"23":0,"24":0},"f":{"0":0,"1":0,"2":0,"3":0},"b":{"0":[0,0],"1":[0,0],"2":[0,0]}}
,"/home/kimjs9105/nb6-sprint-mission/src/controllers/notification.controller.ts": {"path":"/home/kimjs9105/nb6-sprint-mission/src/controllers/notification.controller.ts","statementMap":{"0":{"start":{"line":6,"column":0},"end":{"line":6,"column":22}},"1":{"start":{"line":13,"column":0},"end":{"line":13,"column":22}},"2":{"start":{"line":2,"column":0},"end":{"line":2,"column":37}},"3":{"start":{"line":3,"column":0},"end":{"line":3,"column":58}},"4":{"start":{"line":4,"column":0},"end":{"line":4,"column":70}},"5":{"start":{"line":7,"column":17},"end":{"line":7,"column":28}},"6":{"start":{"line":8,"column":28},"end":{"line":8,"column":81}},"7":{"start":{"line":10,"column":2},"end":{"line":10,"column":42}},"8":{"start":{"line":14,"column":17},"end":{"line":14,"column":51}},"9":{"start":{"line":15,"column":2},"end":{"line":15,"column":18}},"10":{"start":{"line":16,"column":33},"end":{"line":16,"column":85}},"11":{"start":{"line":18,"column":2},"end":{"line":18,"column":47}}},"fnMap":{"0":{"name":"getNotifications","decl":{"start":{"line":6,"column":22},"end":{"line":6,"column":38}},"loc":{"start":{"line":6,"column":66},"end":{"line":11,"column":null}}},"1":{"name":"updateNotification","decl":{"start":{"line":13,"column":22},"end":{"line":13,"column":40}},"loc":{"start":{"line":13,"column":68},"end":{"line":19,"column":null}}}},"branchMap":{},"s":{"0":5,"1":5,"2":5,"3":5,"4":5,"5":0,"6":0,"7":0,"8":0,"9":0,"10":0,"11":0},"f":{"0":0,"1":0},"b":{}}
,"/home/kimjs9105/nb6-sprint-mission/src/controllers/product.controller.ts": {"path":"/home/kimjs9105/nb6-sprint-mission/src/controllers/product.controller.ts","statementMap":{"0":{"start":{"line":14,"column":0},"end":{"line":14,"column":22}},"1":{"start":{"line":23,"column":0},"end":{"line":23,"column":22}},"2":{"start":{"line":29,"column":0},"end":{"line":29,"column":22}},"3":{"start":{"line":39,"column":0},"end":{"line":39,"column":22}},"4":{"start":{"line":45,"column":0},"end":{"line":45,"column":22}},"5":{"start":{"line":53,"column":0},"end":{"line":53,"column":22}},"6":{"start":{"line":64,"column":0},"end":{"line":64,"column":22}},"7":{"start":{"line":71,"column":0},"end":{"line":71,"column":22}},"8":{"start":{"line":77,"column":0},"end":{"line":77,"column":22}},"9":{"start":{"line":2,"column":0},"end":{"line":2,"column":37}},"10":{"start":{"line":3,"column":0},"end":{"line":3,"column":58}},"11":{"start":{"line":4,"column":0},"end":{"line":4,"column":null}},"12":{"start":{"line":9,"column":0},"end":{"line":9,"column":95}},"13":{"start":{"line":10,"column":0},"end":{"line":10,"column":61}},"14":{"start":{"line":11,"column":0},"end":{"line":11,"column":61}},"15":{"start":{"line":12,"column":0},"end":{"line":12,"column":63}},"16":{"start":{"line":15,"column":15},"end":{"line":15,"column":56}},"17":{"start":{"line":16,"column":25},"end":{"line":18,"column":null}},"18":{"start":{"line":20,"column":2},"end":{"line":20,"column":39}},"19":{"start":{"line":24,"column":17},"end":{"line":24,"column":51}},"20":{"start":{"line":25,"column":18},"end":{"line":25,"column":54}},"21":{"start":{"line":26,"column":2},"end":{"line":26,"column":32}},"22":{"start":{"line":30,"column":17},"end":{"line":30,"column":51}},"23":{"start":{"line":31,"column":15},"end":{"line":31,"column":56}},"24":{"start":{"line":32,"column":25},"end":{"line":34,"column":null}},"25":{"start":{"line":36,"column":2},"end":{"line":36,"column":39}},"26":{"start":{"line":40,"column":17},"end":{"line":40,"column":51}},"27":{"start":{"line":41,"column":2},"end":{"line":41,"column":55}},"28":{"start":{"line":42,"column":2},"end":{"line":42,"column":25}},"29":{"start":{"line":46,"column":17},"end":{"line":46,"column":62}},"30":{"start":{"line":47,"column":17},"end":{"line":49,"column":4}},"31":{"start":{"line":50,"column":2},"end":{"line":50,"column":31}},"32":{"start":{"line":54,"column":28},"end":{"line":54,"column":62}},"33":{"start":{"line":55,"column":22},"end":{"line":55,"column":63}},"34":{"start":{"line":56,"column":25},"end":{"line":60,"column":4}},"35":{"start":{"line":61,"column":2},"end":{"line":61,"column":39}},"36":{"start":{"line":65,"column":28},"end":{"line":65,"column":62}},"37":{"start":{"line":66,"column":17},"end":{"line":66,"column":62}},"38":{"start":{"line":67,"column":17},"end":{"line":67,"column":83}},"39":{"start":{"line":68,"column":2},"end":{"line":68,"column":19}},"40":{"start":{"line":72,"column":28},"end":{"line":72,"column":62}},"41":{"start":{"line":73,"column":2},"end":{"line":73,"column":64}},"42":{"start":{"line":74,"column":2},"end":{"line":74,"column":25}},"43":{"start":{"line":78,"column":28},"end":{"line":78,"column":62}},"44":{"start":{"line":79,"column":2},"end":{"line":79,"column":64}},"45":{"start":{"line":80,"column":2},"end":{"line":80,"column":25}}},"fnMap":{"0":{"name":"createProduct","decl":{"start":{"line":14,"column":22},"end":{"line":14,"column":35}},"loc":{"start":{"line":14,"column":63},"end":{"line":21,"column":null}}},"1":{"name":"getProduct","decl":{"start":{"line":23,"column":22},"end":{"line":23,"column":32}},"loc":{"start":{"line":23,"column":60},"end":{"line":27,"column":null}}},"2":{"name":"updateProduct","decl":{"start":{"line":29,"column":22},"end":{"line":29,"column":35}},"loc":{"start":{"line":29,"column":63},"end":{"line":37,"column":null}}},"3":{"name":"deleteProduct","decl":{"start":{"line":39,"column":22},"end":{"line":39,"column":35}},"loc":{"start":{"line":39,"column":63},"end":{"line":43,"column":null}}},"4":{"name":"getProductList","decl":{"start":{"line":45,"column":22},"end":{"line":45,"column":36}},"loc":{"start":{"line":45,"column":64},"end":{"line":51,"column":null}}},"5":{"name":"createComment","decl":{"start":{"line":53,"column":22},"end":{"line":53,"column":35}},"loc":{"start":{"line":53,"column":63},"end":{"line":62,"column":null}}},"6":{"name":"getCommentList","decl":{"start":{"line":64,"column":22},"end":{"line":64,"column":36}},"loc":{"start":{"line":64,"column":64},"end":{"line":69,"column":null}}},"7":{"name":"createFavorite","decl":{"start":{"line":71,"column":22},"end":{"line":71,"column":36}},"loc":{"start":{"line":71,"column":64},"end":{"line":75,"column":null}}},"8":{"name":"deleteFavorite","decl":{"start":{"line":77,"column":22},"end":{"line":77,"column":36}},"loc":{"start":{"line":77,"column":64},"end":{"line":81,"column":null}}}},"branchMap":{"0":{"loc":{"start":{"line":48,"column":12},"end":{"line":48,"column":24}},"type":"cond-expr","locations":[{"start":{"line":48,"column":20},"end":{"line":48,"column":22}},{"start":{"line":48,"column":20},"end":{"line":48,"column":24}}]},"1":{"loc":{"start":{"line":48,"column":12},"end":{"line":48,"column":22}},"type":"binary-expr","locations":[{"start":{"line":48,"column":12},"end":{"line":48,"column":22}},{"start":{"line":48,"column":20},"end":{"line":48,"column":22}}]}},"s":{"0":5,"1":5,"2":5,"3":5,"4":5,"5":5,"6":5,"7":5,"8":5,"9":5,"10":5,"11":5,"12":5,"13":5,"14":5,"15":5,"16":17,"17":14,"18":14,"19":4,"20":4,"21":2,"22":7,"23":7,"24":7,"25":5,"26":3,"27":3,"28":1,"29":8,"30":8,"31":8,"32":0,"33":0,"34":0,"35":0,"36":0,"37":0,"38":0,"39":0,"40":0,"41":0,"42":0,"43":0,"44":0,"45":0},"f":{"0":17,"1":4,"2":7,"3":3,"4":8,"5":0,"6":0,"7":0,"8":0},"b":{"0":[6,2],"1":[8,8]}}
,"/home/kimjs9105/nb6-sprint-mission/src/controllers/user.controller.ts": {"path":"/home/kimjs9105/nb6-sprint-mission/src/controllers/user.controller.ts","statementMap":{"0":{"start":{"line":13,"column":0},"end":{"line":13,"column":22}},"1":{"start":{"line":18,"column":0},"end":{"line":18,"column":22}},"2":{"start":{"line":24,"column":0},"end":{"line":24,"column":22}},"3":{"start":{"line":30,"column":0},"end":{"line":30,"column":22}},"4":{"start":{"line":45,"column":0},"end":{"line":45,"column":22}},"5":{"start":{"line":2,"column":0},"end":{"line":2,"column":37}},"6":{"start":{"line":3,"column":0},"end":{"line":3,"column":null}},"7":{"start":{"line":9,"column":0},"end":{"line":9,"column":55}},"8":{"start":{"line":10,"column":0},"end":{"line":10,"column":54}},"9":{"start":{"line":11,"column":0},"end":{"line":11,"column":53}},"10":{"start":{"line":14,"column":15},"end":{"line":14,"column":54}},"11":{"start":{"line":15,"column":2},"end":{"line":15,"column":34}},"12":{"start":{"line":19,"column":15},"end":{"line":19,"column":51}},"13":{"start":{"line":20,"column":22},"end":{"line":20,"column":70}},"14":{"start":{"line":21,"column":2},"end":{"line":21,"column":53}},"15":{"start":{"line":25,"column":36},"end":{"line":25,"column":78}},"16":{"start":{"line":26,"column":2},"end":{"line":26,"column":73}},"17":{"start":{"line":27,"column":2},"end":{"line":27,"column":25}},"18":{"start":{"line":31,"column":47},"end":{"line":31,"column":94}},"19":{"start":{"line":32,"column":31},"end":{"line":37,"column":4}},"20":{"start":{"line":39,"column":2},"end":{"line":42,"column":5}},"21":{"start":{"line":46,"column":47},"end":{"line":46,"column":95}},"22":{"start":{"line":47,"column":31},"end":{"line":52,"column":4}},"23":{"start":{"line":54,"column":2},"end":{"line":57,"column":5}}},"fnMap":{"0":{"name":"getMe","decl":{"start":{"line":13,"column":22},"end":{"line":13,"column":27}},"loc":{"start":{"line":13,"column":55},"end":{"line":16,"column":null}}},"1":{"name":"updateMe","decl":{"start":{"line":18,"column":22},"end":{"line":18,"column":30}},"loc":{"start":{"line":18,"column":58},"end":{"line":22,"column":null}}},"2":{"name":"updateMyPassword","decl":{"start":{"line":24,"column":22},"end":{"line":24,"column":38}},"loc":{"start":{"line":24,"column":66},"end":{"line":28,"column":null}}},"3":{"name":"getMyProductList","decl":{"start":{"line":30,"column":22},"end":{"line":30,"column":38}},"loc":{"start":{"line":30,"column":66},"end":{"line":43,"column":null}}},"4":{"name":"getMyFavoriteList","decl":{"start":{"line":45,"column":22},"end":{"line":45,"column":39}},"loc":{"start":{"line":45,"column":67},"end":{"line":58,"column":null}}}},"branchMap":{},"s":{"0":5,"1":5,"2":5,"3":5,"4":5,"5":5,"6":5,"7":5,"8":5,"9":5,"10":0,"11":0,"12":0,"13":0,"14":0,"15":0,"16":0,"17":0,"18":0,"19":0,"20":0,"21":0,"22":0,"23":0},"f":{"0":0,"1":0,"2":0,"3":0,"4":0},"b":{}}
,"/home/kimjs9105/nb6-sprint-mission/src/dto/userResponse.dto.ts": {"path":"/home/kimjs9105/nb6-sprint-mission/src/dto/userResponse.dto.ts","statementMap":{"0":{"start":{"line":3,"column":24},"end":{"line":6,"column":1}},"1":{"start":{"line":4,"column":47},"end":{"line":4,"column":51}},"2":{"start":{"line":4,"column":42},"end":{"line":4,"column":47}},"3":{"start":{"line":5,"column":2},"end":{"line":5,"column":29}},"4":{"start":{"line":8,"column":0},"end":{"line":8,"column":31}}},"fnMap":{"0":{"name":"(anonymous_1)","decl":{"start":{"line":3,"column":24},"end":{"line":3,"column":25}},"loc":{"start":{"line":3,"column":39},"end":{"line":6,"column":1}}}},"branchMap":{},"s":{"0":5,"1":85,"2":85,"3":85,"4":5},"f":{"0":85},"b":{}}
,"/home/kimjs9105/nb6-sprint-mission/src/lib/constants.ts": {"path":"/home/kimjs9105/nb6-sprint-mission/src/lib/constants.ts","statementMap":{"0":{"start":{"line":1,"column":0},"end":{"line":1,"column":28}},"1":{"start":{"line":2,"column":0},"end":{"line":2,"column":16}},"2":{"start":{"line":4,"column":13},"end":{"line":4,"column":55}},"3":{"start":{"line":5,"column":13},"end":{"line":5,"column":57}},"4":{"start":{"line":6,"column":13},"end":{"line":6,"column":59}},"5":{"start":{"line":7,"column":13},"end":{"line":7,"column":100}},"6":{"start":{"line":8,"column":13},"end":{"line":9,"column":65}},"7":{"start":{"line":10,"column":13},"end":{"line":10,"column":62}},"8":{"start":{"line":11,"column":13},"end":{"line":11,"column":45}},"9":{"start":{"line":12,"column":13},"end":{"line":12,"column":38}},"10":{"start":{"line":13,"column":13},"end":{"line":13,"column":37}}},"fnMap":{},"branchMap":{"0":{"loc":{"start":{"line":6,"column":28},"end":{"line":6,"column":58}},"type":"binary-expr","locations":[{"start":{"line":6,"column":28},"end":{"line":6,"column":52}},{"start":{"line":6,"column":56},"end":{"line":6,"column":58}}]},"1":{"loc":{"start":{"line":7,"column":39},"end":{"line":7,"column":99}},"type":"binary-expr","locations":[{"start":{"line":7,"column":39},"end":{"line":7,"column":74}},{"start":{"line":7,"column":78},"end":{"line":7,"column":99}}]},"2":{"loc":{"start":{"line":9,"column":2},"end":{"line":9,"column":64}},"type":"binary-expr","locations":[{"start":{"line":9,"column":2},"end":{"line":9,"column":38}},{"start":{"line":9,"column":42},"end":{"line":9,"column":64}}]},"3":{"loc":{"start":{"line":10,"column":24},"end":{"line":10,"column":61}},"type":"binary-expr","locations":[{"start":{"line":10,"column":24},"end":{"line":10,"column":44}},{"start":{"line":10,"column":48},"end":{"line":10,"column":61}}]},"4":{"loc":{"start":{"line":11,"column":20},"end":{"line":11,"column":44}},"type":"binary-expr","locations":[{"start":{"line":11,"column":20},"end":{"line":11,"column":36}},{"start":{"line":11,"column":40},"end":{"line":11,"column":44}}]}},"s":{"0":6,"1":6,"2":6,"3":6,"4":6,"5":6,"6":6,"7":6,"8":6,"9":6,"10":6},"f":{},"b":{"0":[6,0],"1":[6,0],"2":[6,0],"3":[6,0],"4":[6,0]}}
,"/home/kimjs9105/nb6-sprint-mission/src/lib/prismaClient.ts": {"path":"/home/kimjs9105/nb6-sprint-mission/src/lib/prismaClient.ts","statementMap":{"0":{"start":{"line":1,"column":0},"end":{"line":1,"column":46}},"1":{"start":{"line":3,"column":13},"end":{"line":3,"column":47}}},"fnMap":{},"branchMap":{},"s":{"0":8,"1":8},"f":{},"b":{}}
,"/home/kimjs9105/nb6-sprint-mission/src/lib/token.ts": {"path":"/home/kimjs9105/nb6-sprint-mission/src/lib/token.ts","statementMap":{"0":{"start":{"line":7,"column":0},"end":{"line":7,"column":16}},"1":{"start":{"line":17,"column":0},"end":{"line":17,"column":16}},"2":{"start":{"line":25,"column":0},"end":{"line":25,"column":16}},"3":{"start":{"line":1,"column":0},"end":{"line":1,"column":31}},"4":{"start":{"line":2,"column":0},"end":{"line":2,"column":null}},"5":{"start":{"line":8,"column":22},"end":{"line":10,"column":4}},"6":{"start":{"line":11,"column":23},"end":{"line":13,"column":4}},"7":{"start":{"line":14,"column":2},"end":{"line":14,"column":39}},"8":{"start":{"line":18,"column":18},"end":{"line":18,"column":60}},"9":{"start":{"line":19,"column":2},"end":{"line":21,"column":3}},"10":{"start":{"line":20,"column":4},"end":{"line":20,"column":37}},"11":{"start":{"line":22,"column":2},"end":{"line":22,"column":32}},"12":{"start":{"line":26,"column":18},"end":{"line":26,"column":61}},"13":{"start":{"line":27,"column":2},"end":{"line":29,"column":3}},"14":{"start":{"line":28,"column":4},"end":{"line":28,"column":37}},"15":{"start":{"line":30,"column":2},"end":{"line":30,"column":32}}},"fnMap":{"0":{"name":"generateTokens","decl":{"start":{"line":7,"column":16},"end":{"line":7,"column":30}},"loc":{"start":{"line":7,"column":45},"end":{"line":15,"column":1}}},"1":{"name":"verifyAccessToken","decl":{"start":{"line":17,"column":16},"end":{"line":17,"column":33}},"loc":{"start":{"line":17,"column":47},"end":{"line":23,"column":1}}},"2":{"name":"verifyRefreshToken","decl":{"start":{"line":25,"column":16},"end":{"line":25,"column":34}},"loc":{"start":{"line":25,"column":48},"end":{"line":31,"column":1}}}},"branchMap":{"0":{"loc":{"start":{"line":19,"column":2},"end":{"line":21,"column":3}},"type":"if","locations":[{"start":{"line":19,"column":2},"end":{"line":21,"column":3}},{"start":{},"end":{}}]},"1":{"loc":{"start":{"line":27,"column":2},"end":{"line":29,"column":3}},"type":"if","locations":[{"start":{"line":27,"column":2},"end":{"line":29,"column":3}},{"start":{},"end":{}}]}},"s":{"0":5,"1":5,"2":5,"3":5,"4":5,"5":71,"6":71,"7":71,"8":57,"9":57,"10":0,"11":57,"12":0,"13":0,"14":0,"15":0},"f":{"0":71,"1":57,"2":0},"b":{"0":[0,57],"1":[0,0]}}
,"/home/kimjs9105/nb6-sprint-mission/src/lib/websocket.ts": {"path":"/home/kimjs9105/nb6-sprint-mission/src/lib/websocket.ts","statementMap":{"0":{"start":{"line":9,"column":0},"end":{"line":9,"column":16}},"1":{"start":{"line":56,"column":0},"end":{"line":56,"column":16}},"2":{"start":{"line":1,"column":0},"end":{"line":1,"column":35}},"3":{"start":{"line":3,"column":0},"end":{"line":3,"column":31}},"4":{"start":{"line":4,"column":0},"end":{"line":4,"column":57}},"5":{"start":{"line":10,"column":2},"end":{"line":10,"column":44}},"6":{"start":{"line":12,"column":13},"end":{"line":20,"column":4}},"7":{"start":{"line":23,"column":2},"end":{"line":23,"column":13}},"8":{"start":{"line":25,"column":2},"end":{"line":36,"column":5}},"9":{"start":{"line":26,"column":18},"end":{"line":26,"column":51}},"10":{"start":{"line":27,"column":4},"end":{"line":27,"column":49}},"11":{"start":{"line":27,"column":16},"end":{"line":27,"column":49}},"12":{"start":{"line":29,"column":4},"end":{"line":35,"column":5}},"13":{"start":{"line":30,"column":22},"end":{"line":30,"column":64}},"14":{"start":{"line":31,"column":7},"end":{"line":31,"column":37}},"15":{"start":{"line":32,"column":6},"end":{"line":32,"column":13}},"16":{"start":{"line":34,"column":6},"end":{"line":34,"column":35}},"17":{"start":{"line":38,"column":2},"end":{"line":49,"column":5}},"18":{"start":{"line":39,"column":4},"end":{"line":39,"column":33}},"19":{"start":{"line":42,"column":4},"end":{"line":42,"column":49}},"20":{"start":{"line":43,"column":4},"end":{"line":43,"column":59}},"21":{"start":{"line":46,"column":4},"end":{"line":48,"column":7}},"22":{"start":{"line":47,"column":6},"end":{"line":47,"column":41}},"23":{"start":{"line":51,"column":2},"end":{"line":53,"column":5}},"24":{"start":{"line":52,"column":4},"end":{"line":52,"column":51}},"25":{"start":{"line":57,"column":2},"end":{"line":57,"column":48}}},"fnMap":{"0":{"name":"setupWebSocket","decl":{"start":{"line":9,"column":16},"end":{"line":9,"column":30}},"loc":{"start":{"line":9,"column":50},"end":{"line":54,"column":1}}},"1":{"name":"(anonymous_2)","decl":{"start":{"line":25,"column":9},"end":{"line":25,"column":10}},"loc":{"start":{"line":25,"column":26},"end":{"line":36,"column":3}}},"2":{"name":"(anonymous_3)","decl":{"start":{"line":38,"column":22},"end":{"line":38,"column":23}},"loc":{"start":{"line":38,"column":33},"end":{"line":49,"column":3}}},"3":{"name":"(anonymous_4)","decl":{"start":{"line":46,"column":28},"end":{"line":46,"column":31}},"loc":{"start":{"line":46,"column":33},"end":{"line":48,"column":5}}},"4":{"name":"(anonymous_5)","decl":{"start":{"line":51,"column":17},"end":{"line":51,"column":18}},"loc":{"start":{"line":51,"column":27},"end":{"line":53,"column":3}}},"5":{"name":"notifyToUser","decl":{"start":{"line":56,"column":16},"end":{"line":56,"column":28}},"loc":{"start":{"line":56,"column":72},"end":{"line":58,"column":1}}}},"branchMap":{"0":{"loc":{"start":{"line":27,"column":4},"end":{"line":27,"column":49}},"type":"if","locations":[{"start":{"line":27,"column":4},"end":{"line":27,"column":49}},{"start":{},"end":{}}]}},"s":{"0":6,"1":6,"2":6,"3":6,"4":6,"5":0,"6":0,"7":0,"8":0,"9":0,"10":0,"11":0,"12":0,"13":0,"14":0,"15":0,"16":0,"17":0,"18":0,"19":0,"20":0,"21":0,"22":0,"23":0,"24":0,"25":0},"f":{"0":0,"1":0,"2":0,"3":0,"4":0,"5":0},"b":{"0":[0,0]}}
,"/home/kimjs9105/nb6-sprint-mission/src/lib/withAsync.ts": {"path":"/home/kimjs9105/nb6-sprint-mission/src/lib/withAsync.ts","statementMap":{"0":{"start":{"line":3,"column":0},"end":{"line":3,"column":16}},"1":{"start":{"line":4,"column":2},"end":{"line":10,"column":4}},"2":{"start":{"line":5,"column":4},"end":{"line":9,"column":5}},"3":{"start":{"line":6,"column":6},"end":{"line":6,"column":36}},"4":{"start":{"line":8,"column":6},"end":{"line":8,"column":14}}},"fnMap":{"0":{"name":"withAsync","decl":{"start":{"line":3,"column":16},"end":{"line":3,"column":25}},"loc":{"start":{"line":3,"column":49},"end":{"line":11,"column":1}}},"1":{"name":"(anonymous_8)","decl":{"start":{"line":4,"column":9},"end":{"line":4,"column":25}},"loc":{"start":{"line":4,"column":72},"end":{"line":10,"column":4}}}},"branchMap":{},"s":{"0":5,"1":160,"2":240,"3":240,"4":27},"f":{"0":160,"1":240},"b":{}}
,"/home/kimjs9105/nb6-sprint-mission/src/lib/errors/BadRequestError.ts": {"path":"/home/kimjs9105/nb6-sprint-mission/src/lib/errors/BadRequestError.ts","statementMap":{"0":{"start":{"line":3,"column":4},"end":{"line":3,"column":19}},"1":{"start":{"line":4,"column":4},"end":{"line":4,"column":34}},"2":{"start":{"line":8,"column":0},"end":{"line":8,"column":31}}},"fnMap":{"0":{"name":"(anonymous_0)","decl":{"start":{"line":2,"column":2},"end":{"line":2,"column":14}},"loc":{"start":{"line":2,"column":29},"end":{"line":5,"column":3}}}},"branchMap":{},"s":{"0":3,"1":3,"2":5},"f":{"0":3},"b":{}}
,"/home/kimjs9105/nb6-sprint-mission/src/lib/errors/ForbiddenError.ts": {"path":"/home/kimjs9105/nb6-sprint-mission/src/lib/errors/ForbiddenError.ts","statementMap":{"0":{"start":{"line":3,"column":4},"end":{"line":3,"column":19}},"1":{"start":{"line":4,"column":4},"end":{"line":4,"column":33}},"2":{"start":{"line":8,"column":0},"end":{"line":8,"column":30}}},"fnMap":{"0":{"name":"(anonymous_0)","decl":{"start":{"line":2,"column":2},"end":{"line":2,"column":14}},"loc":{"start":{"line":2,"column":29},"end":{"line":5,"column":3}}}},"branchMap":{},"s":{"0":6,"1":6,"2":6},"f":{"0":6},"b":{}}
,"/home/kimjs9105/nb6-sprint-mission/src/lib/errors/NotFoundError.ts": {"path":"/home/kimjs9105/nb6-sprint-mission/src/lib/errors/NotFoundError.ts","statementMap":{"0":{"start":{"line":3,"column":4},"end":{"line":3,"column":50}},"1":{"start":{"line":4,"column":4},"end":{"line":4,"column":32}},"2":{"start":{"line":8,"column":0},"end":{"line":8,"column":29}}},"fnMap":{"0":{"name":"(anonymous_0)","decl":{"start":{"line":2,"column":2},"end":{"line":2,"column":14}},"loc":{"start":{"line":2,"column":43},"end":{"line":5,"column":3}}}},"branchMap":{},"s":{"0":11,"1":11,"2":6},"f":{"0":11},"b":{}}
,"/home/kimjs9105/nb6-sprint-mission/src/lib/errors/UnauthorizedError.ts": {"path":"/home/kimjs9105/nb6-sprint-mission/src/lib/errors/UnauthorizedError.ts","statementMap":{"0":{"start":{"line":3,"column":4},"end":{"line":3,"column":19}},"1":{"start":{"line":4,"column":4},"end":{"line":4,"column":36}},"2":{"start":{"line":8,"column":0},"end":{"line":8,"column":33}}},"fnMap":{"0":{"name":"(anonymous_0)","decl":{"start":{"line":2,"column":2},"end":{"line":2,"column":14}},"loc":{"start":{"line":2,"column":29},"end":{"line":5,"column":3}}}},"branchMap":{},"s":{"0":16,"1":16,"2":5},"f":{"0":16},"b":{}}
,"/home/kimjs9105/nb6-sprint-mission/src/middleware/authenticate.ts": {"path":"/home/kimjs9105/nb6-sprint-mission/src/middleware/authenticate.ts","statementMap":{"0":{"start":{"line":2,"column":0},"end":{"line":2,"column":58}},"1":{"start":{"line":3,"column":0},"end":{"line":3,"column":54}},"2":{"start":{"line":6,"column":2},"end":{"line":20,"column":4}},"3":{"start":{"line":6,"column":67},"end":{"line":20,"column":4}},"4":{"start":{"line":7,"column":24},"end":{"line":7,"column":61}},"5":{"start":{"line":8,"column":4},"end":{"line":18,"column":5}},"6":{"start":{"line":9,"column":19},"end":{"line":9,"column":62}},"7":{"start":{"line":10,"column":6},"end":{"line":10,"column":22}},"8":{"start":{"line":12,"column":6},"end":{"line":15,"column":7}},"9":{"start":{"line":13,"column":8},"end":{"line":13,"column":15}},"10":{"start":{"line":14,"column":8},"end":{"line":14,"column":15}},"11":{"start":{"line":16,"column":6},"end":{"line":16,"column":18}},"12":{"start":{"line":17,"column":6},"end":{"line":17,"column":13}},"13":{"start":{"line":19,"column":4},"end":{"line":19,"column":11}},"14":{"start":{"line":23,"column":0},"end":{"line":23,"column":28}}},"fnMap":{"0":{"name":"authenticate","decl":{"start":{"line":5,"column":9},"end":{"line":5,"column":21}},"loc":{"start":{"line":5,"column":51},"end":{"line":21,"column":1}}},"1":{"name":"(anonymous_17)","decl":{"start":{"line":6,"column":9},"end":{"line":6,"column":16}},"loc":{"start":{"line":6,"column":67},"end":{"line":20,"column":4}}},"2":{"name":"(anonymous_18)","decl":{"start":{"line":6,"column":67},"end":{"line":6,"column":null}},"loc":{"start":{"line":6,"column":67},"end":{"line":20,"column":3}}}},"branchMap":{"0":{"loc":{"start":{"line":5,"column":22},"end":{"line":5,"column":51}},"type":"default-arg","locations":[{"start":{"line":5,"column":32},"end":{"line":5,"column":51}}]},"1":{"loc":{"start":{"line":12,"column":6},"end":{"line":15,"column":7}},"type":"if","locations":[{"start":{"line":12,"column":6},"end":{"line":15,"column":7}},{"start":{},"end":{}}]}},"s":{"0":5,"1":5,"2":125,"3":73,"4":73,"5":73,"6":73,"7":57,"8":16,"9":16,"10":16,"11":0,"12":0,"13":57,"14":5},"f":{"0":125,"1":73,"2":73},"b":{"0":[105],"1":[16,0]}}
,"/home/kimjs9105/nb6-sprint-mission/src/repository/article.repo.ts": {"path":"/home/kimjs9105/nb6-sprint-mission/src/repository/article.repo.ts","statementMap":{"0":{"start":{"line":5,"column":0},"end":{"line":5,"column":22}},"1":{"start":{"line":12,"column":0},"end":{"line":12,"column":22}},"2":{"start":{"line":17,"column":0},"end":{"line":17,"column":22}},"3":{"start":{"line":37,"column":0},"end":{"line":37,"column":22}},"4":{"start":{"line":73,"column":0},"end":{"line":73,"column":22}},"5":{"start":{"line":90,"column":0},"end":{"line":90,"column":22}},"6":{"start":{"line":2,"column":0},"end":{"line":2,"column":49}},"7":{"start":{"line":6,"column":25},"end":{"line":8,"column":4}},"8":{"start":{"line":9,"column":2},"end":{"line":9,"column":24}},"9":{"start":{"line":13,"column":18},"end":{"line":13,"column":74}},"10":{"start":{"line":14,"column":2},"end":{"line":14,"column":17}},"11":{"start":{"line":17,"column":42},"end":{"line":35,"column":null}},"12":{"start":{"line":18,"column":18},"end":{"line":23,"column":4}},"13":{"start":{"line":25,"column":2},"end":{"line":27,"column":3}},"14":{"start":{"line":26,"column":4},"end":{"line":26,"column":16}},"15":{"start":{"line":29,"column":2},"end":{"line":33,"column":null}},"16":{"start":{"line":33,"column":51},"end":{"line":33,"column":73}},"17":{"start":{"line":38,"column":2},"end":{"line":71,"column":null}},"18":{"start":{"line":45,"column":16},"end":{"line":47,"column":4}},"19":{"start":{"line":49,"column":21},"end":{"line":49,"column":64}},"20":{"start":{"line":50,"column":19},"end":{"line":58,"column":4}},"21":{"start":{"line":60,"column":25},"end":{"line":65,"column":5}},"22":{"start":{"line":60,"column":51},"end":{"line":64,"column":null}},"23":{"start":{"line":64,"column":51},"end":{"line":64,"column":73}},"24":{"start":{"line":67,"column":2},"end":{"line":70,"column":4}},"25":{"start":{"line":74,"column":25},"end":{"line":80,"column":4}},"26":{"start":{"line":81,"column":2},"end":{"line":86,"column":null}},"27":{"start":{"line":85,"column":44},"end":{"line":85,"column":71}},"28":{"start":{"line":91,"column":2},"end":{"line":93,"column":5}}},"fnMap":{"0":{"name":"createArticle","decl":{"start":{"line":5,"column":22},"end":{"line":5,"column":35}},"loc":{"start":{"line":5,"column":89},"end":{"line":10,"column":null}}},"1":{"name":"getArticle","decl":{"start":{"line":12,"column":22},"end":{"line":12,"column":32}},"loc":{"start":{"line":12,"column":43},"end":{"line":15,"column":null}}},"2":{"name":"getArticleWithLikes","decl":{"start":{"line":17,"column":22},"end":{"line":17,"column":41}},"loc":{"start":{"line":17,"column":41},"end":{"line":35,"column":null}}},"3":{"name":"(anonymous_12)","decl":{"start":{"line":17,"column":42},"end":{"line":17,"column":52}},"loc":{"start":{"line":17,"column":90},"end":{"line":35,"column":1}}},"4":{"name":"(anonymous_13)","decl":{"start":{"line":33,"column":41},"end":{"line":33,"column":42}},"loc":{"start":{"line":33,"column":51},"end":{"line":33,"column":73}}},"5":{"name":"getArticleListWithLikes","decl":{"start":{"line":37,"column":22},"end":{"line":37,"column":45}},"loc":{"start":{"line":37,"column":45},"end":{"line":71,"column":null}}},"6":{"name":"(anonymous_15)","decl":{"start":{"line":38,"column":2},"end":{"line":38,"column":4}},"loc":{"start":{"line":43,"column":8},"end":{"line":71,"column":1}}},"7":{"name":"(anonymous_16)","decl":{"start":{"line":60,"column":38},"end":{"line":60,"column":39}},"loc":{"start":{"line":60,"column":51},"end":{"line":64,"column":null}}},"8":{"name":"(anonymous_17)","decl":{"start":{"line":64,"column":41},"end":{"line":64,"column":42}},"loc":{"start":{"line":64,"column":51},"end":{"line":64,"column":73}}},"9":{"name":"updateArticleWithLikes","decl":{"start":{"line":73,"column":22},"end":{"line":73,"column":44}},"loc":{"start":{"line":73,"column":79},"end":{"line":88,"column":null}}},"10":{"name":"(anonymous_20)","decl":{"start":{"line":85,"column":34},"end":{"line":85,"column":35}},"loc":{"start":{"line":85,"column":44},"end":{"line":85,"column":71}}},"11":{"name":"deleteArticle","decl":{"start":{"line":90,"column":22},"end":{"line":90,"column":35}},"loc":{"start":{"line":90,"column":46},"end":{"line":94,"column":null}}}},"branchMap":{"0":{"loc":{"start":{"line":17,"column":54},"end":{"line":17,"column":90}},"type":"default-arg","locations":[{"start":{"line":17,"column":88},"end":{"line":17,"column":90}}]},"1":{"loc":{"start":{"line":25,"column":2},"end":{"line":27,"column":3}},"type":"if","locations":[{"start":{"line":25,"column":2},"end":{"line":27,"column":3}},{"start":{},"end":{}}]},"2":{"loc":{"start":{"line":33,"column":13},"end":{"line":33,"column":86}},"type":"cond-expr","locations":[{"start":{"line":33,"column":22},"end":{"line":33,"column":74}},{"start":{"line":33,"column":77},"end":{"line":33,"column":86}}]},"3":{"loc":{"start":{"line":39,"column":2},"end":{"line":43,"column":8}},"type":"default-arg","locations":[{"start":{"line":43,"column":6},"end":{"line":43,"column":8}}]},"4":{"loc":{"start":{"line":46,"column":11},"end":{"line":46,"column":54}},"type":"cond-expr","locations":[{"start":{"line":46,"column":21},"end":{"line":46,"column":42}},{"start":{"line":46,"column":45},"end":{"line":46,"column":54}}]},"5":{"loc":{"start":{"line":53,"column":13},"end":{"line":53,"column":73}},"type":"cond-expr","locations":[{"start":{"line":53,"column":36},"end":{"line":53,"column":57}},{"start":{"line":53,"column":60},"end":{"line":53,"column":73}}]},"6":{"loc":{"start":{"line":64,"column":13},"end":{"line":64,"column":86}},"type":"cond-expr","locations":[{"start":{"line":64,"column":22},"end":{"line":64,"column":74}},{"start":{"line":64,"column":77},"end":{"line":64,"column":86}}]},"7":{"loc":{"start":{"line":84,"column":13},"end":{"line":86,"column":17}},"type":"cond-expr","locations":[{"start":{"line":85,"column":8},"end":{"line":85,"column":72}},{"start":{"line":86,"column":8},"end":{"line":86,"column":17}}]}},"s":{"0":5,"1":5,"2":5,"3":5,"4":5,"5":5,"6":5,"7":12,"8":12,"9":8,"10":8,"11":4,"12":4,"13":4,"14":2,"15":2,"16":0,"17":8,"18":8,"19":8,"20":8,"21":8,"22":34,"23":0,"24":8,"25":3,"26":3,"27":0,"28":1},"f":{"0":12,"1":8,"2":4,"3":4,"4":0,"5":8,"6":8,"7":34,"8":0,"9":3,"10":0,"11":1},"b":{"0":[4],"1":[2,2],"2":[0,2],"3":[8],"4":[2,6],"5":[0,8],"6":[0,34],"7":[3,0]}}
,"/home/kimjs9105/nb6-sprint-mission/src/repository/comment.repo.ts": {"path":"/home/kimjs9105/nb6-sprint-mission/src/repository/comment.repo.ts","statementMap":{"0":{"start":{"line":5,"column":0},"end":{"line":5,"column":22}},"1":{"start":{"line":14,"column":0},"end":{"line":14,"column":22}},"2":{"start":{"line":21,"column":0},"end":{"line":21,"column":22}},"3":{"start":{"line":41,"column":0},"end":{"line":41,"column":22}},"4":{"start":{"line":48,"column":0},"end":{"line":48,"column":22}},"5":{"start":{"line":2,"column":0},"end":{"line":2,"column":49}},"6":{"start":{"line":8,"column":25},"end":{"line":10,"column":4}},"7":{"start":{"line":11,"column":2},"end":{"line":11,"column":24}},"8":{"start":{"line":15,"column":18},"end":{"line":17,"column":4}},"9":{"start":{"line":18,"column":2},"end":{"line":18,"column":17}},"10":{"start":{"line":22,"column":2},"end":{"line":39,"column":null}},"11":{"start":{"line":25,"column":29},"end":{"line":30,"column":4}},"12":{"start":{"line":31,"column":19},"end":{"line":31,"column":53}},"13":{"start":{"line":32,"column":24},"end":{"line":32,"column":73}},"14":{"start":{"line":33,"column":21},"end":{"line":33,"column":60}},"15":{"start":{"line":35,"column":2},"end":{"line":38,"column":4}},"16":{"start":{"line":42,"column":2},"end":{"line":45,"column":5}},"17":{"start":{"line":49,"column":2},"end":{"line":51,"column":5}}},"fnMap":{"0":{"name":"createComment","decl":{"start":{"line":5,"column":22},"end":{"line":5,"column":35}},"loc":{"start":{"line":6,"column":55},"end":{"line":12,"column":null}}},"1":{"name":"getComment","decl":{"start":{"line":14,"column":22},"end":{"line":14,"column":32}},"loc":{"start":{"line":14,"column":43},"end":{"line":19,"column":null}}},"2":{"name":"getCommentList","decl":{"start":{"line":21,"column":22},"end":{"line":21,"column":36}},"loc":{"start":{"line":21,"column":36},"end":{"line":39,"column":null}}},"3":{"name":"(anonymous_12)","decl":{"start":{"line":22,"column":2},"end":{"line":22,"column":51}},"loc":{"start":{"line":23,"column":43},"end":{"line":39,"column":1}}},"4":{"name":"updateComment","decl":{"start":{"line":41,"column":22},"end":{"line":41,"column":35}},"loc":{"start":{"line":41,"column":70},"end":{"line":46,"column":null}}},"5":{"name":"deleteComment","decl":{"start":{"line":48,"column":22},"end":{"line":48,"column":35}},"loc":{"start":{"line":48,"column":46},"end":{"line":52,"column":null}}}},"branchMap":{"0":{"loc":{"start":{"line":26,"column":12},"end":{"line":26,"column":47}},"type":"cond-expr","locations":[{"start":{"line":26,"column":21},"end":{"line":26,"column":35}},{"start":{"line":26,"column":38},"end":{"line":26,"column":47}}]},"1":{"loc":{"start":{"line":33,"column":21},"end":{"line":33,"column":60}},"type":"cond-expr","locations":[{"start":{"line":33,"column":37},"end":{"line":33,"column":53}},{"start":{"line":33,"column":56},"end":{"line":33,"column":60}}]}},"s":{"0":5,"1":5,"2":5,"3":5,"4":5,"5":5,"6":0,"7":0,"8":0,"9":0,"10":0,"11":0,"12":0,"13":0,"14":0,"15":0,"16":0,"17":0},"f":{"0":0,"1":0,"2":0,"3":0,"4":0,"5":0},"b":{"0":[0,0],"1":[0,0]}}
,"/home/kimjs9105/nb6-sprint-mission/src/repository/favorite.repo.ts": {"path":"/home/kimjs9105/nb6-sprint-mission/src/repository/favorite.repo.ts","statementMap":{"0":{"start":{"line":4,"column":0},"end":{"line":4,"column":22}},"1":{"start":{"line":11,"column":0},"end":{"line":11,"column":22}},"2":{"start":{"line":18,"column":0},"end":{"line":18,"column":22}},"3":{"start":{"line":24,"column":0},"end":{"line":24,"column":22}},"4":{"start":{"line":2,"column":0},"end":{"line":2,"column":49}},"5":{"start":{"line":5,"column":26},"end":{"line":7,"column":4}},"6":{"start":{"line":8,"column":2},"end":{"line":8,"column":25}},"7":{"start":{"line":12,"column":19},"end":{"line":14,"column":4}},"8":{"start":{"line":15,"column":2},"end":{"line":15,"column":18}},"9":{"start":{"line":19,"column":2},"end":{"line":21,"column":5}},"10":{"start":{"line":25,"column":2},"end":{"line":27,"column":5}}},"fnMap":{"0":{"name":"createFavorite","decl":{"start":{"line":4,"column":22},"end":{"line":4,"column":36}},"loc":{"start":{"line":4,"column":91},"end":{"line":9,"column":null}}},"1":{"name":"getFavorite","decl":{"start":{"line":11,"column":22},"end":{"line":11,"column":33}},"loc":{"start":{"line":11,"column":67},"end":{"line":16,"column":null}}},"2":{"name":"getFavoriteMember","decl":{"start":{"line":18,"column":22},"end":{"line":18,"column":39}},"loc":{"start":{"line":18,"column":57},"end":{"line":22,"column":null}}},"3":{"name":"deleteFavorite","decl":{"start":{"line":24,"column":22},"end":{"line":24,"column":36}},"loc":{"start":{"line":24,"column":47},"end":{"line":28,"column":null}}}},"branchMap":{},"s":{"0":6,"1":6,"2":6,"3":6,"4":6,"5":0,"6":0,"7":0,"8":0,"9":5,"10":0},"f":{"0":0,"1":0,"2":5,"3":0},"b":{}}
,"/home/kimjs9105/nb6-sprint-mission/src/repository/like.repo.ts": {"path":"/home/kimjs9105/nb6-sprint-mission/src/repository/like.repo.ts","statementMap":{"0":{"start":{"line":4,"column":0},"end":{"line":4,"column":22}},"1":{"start":{"line":11,"column":0},"end":{"line":11,"column":22}},"2":{"start":{"line":18,"column":0},"end":{"line":18,"column":22}},"3":{"start":{"line":2,"column":0},"end":{"line":2,"column":49}},"4":{"start":{"line":5,"column":22},"end":{"line":7,"column":4}},"5":{"start":{"line":8,"column":2},"end":{"line":8,"column":21}},"6":{"start":{"line":12,"column":15},"end":{"line":14,"column":4}},"7":{"start":{"line":15,"column":2},"end":{"line":15,"column":14}},"8":{"start":{"line":19,"column":2},"end":{"line":21,"column":5}}},"fnMap":{"0":{"name":"createLike","decl":{"start":{"line":4,"column":22},"end":{"line":4,"column":32}},"loc":{"start":{"line":4,"column":83},"end":{"line":9,"column":null}}},"1":{"name":"getLike","decl":{"start":{"line":11,"column":22},"end":{"line":11,"column":29}},"loc":{"start":{"line":11,"column":63},"end":{"line":16,"column":null}}},"2":{"name":"deleteLike","decl":{"start":{"line":18,"column":22},"end":{"line":18,"column":32}},"loc":{"start":{"line":18,"column":43},"end":{"line":22,"column":null}}}},"branchMap":{},"s":{"0":5,"1":5,"2":5,"3":5,"4":0,"5":0,"6":0,"7":0,"8":0},"f":{"0":0,"1":0,"2":0},"b":{}}
,"/home/kimjs9105/nb6-sprint-mission/src/repository/notification.repo.ts": {"path":"/home/kimjs9105/nb6-sprint-mission/src/repository/notification.repo.ts","statementMap":{"0":{"start":{"line":5,"column":0},"end":{"line":5,"column":22}},"1":{"start":{"line":25,"column":0},"end":{"line":25,"column":22}},"2":{"start":{"line":37,"column":0},"end":{"line":37,"column":22}},"3":{"start":{"line":41,"column":0},"end":{"line":41,"column":22}},"4":{"start":{"line":1,"column":0},"end":{"line":1,"column":49}},"5":{"start":{"line":12,"column":58},"end":{"line":12,"column":62}},"6":{"start":{"line":14,"column":2},"end":{"line":22,"column":5}},"7":{"start":{"line":26,"column":39},"end":{"line":33,"column":4}},"8":{"start":{"line":34,"column":2},"end":{"line":34,"column":40}},"9":{"start":{"line":38,"column":2},"end":{"line":38,"column":87}},"10":{"start":{"line":42,"column":2},"end":{"line":45,"column":5}}},"fnMap":{"0":{"name":"createNotification","decl":{"start":{"line":5,"column":22},"end":{"line":5,"column":40}},"loc":{"start":{"line":11,"column":1},"end":{"line":23,"column":null}}},"1":{"name":"getNotificationList","decl":{"start":{"line":25,"column":22},"end":{"line":25,"column":41}},"loc":{"start":{"line":25,"column":56},"end":{"line":35,"column":null}}},"2":{"name":"getNotification","decl":{"start":{"line":37,"column":22},"end":{"line":37,"column":37}},"loc":{"start":{"line":37,"column":60},"end":{"line":39,"column":null}}},"3":{"name":"patchNotification","decl":{"start":{"line":41,"column":22},"end":{"line":41,"column":39}},"loc":{"start":{"line":41,"column":62},"end":{"line":46,"column":null}}}},"branchMap":{"0":{"loc":{"start":{"line":19,"column":17},"end":{"line":19,"column":34}},"type":"cond-expr","locations":[{"start":{"line":19,"column":17},"end":{"line":19,"column":26}},{"start":{"line":19,"column":30},"end":{"line":19,"column":34}}]},"1":{"loc":{"start":{"line":19,"column":17},"end":{"line":19,"column":30}},"type":"binary-expr","locations":[{"start":{"line":19,"column":17},"end":{"line":19,"column":30}},{"start":{"line":19,"column":17},"end":{"line":19,"column":30}}]},"2":{"loc":{"start":{"line":20,"column":17},"end":{"line":20,"column":34}},"type":"cond-expr","locations":[{"start":{"line":20,"column":17},"end":{"line":20,"column":26}},{"start":{"line":20,"column":30},"end":{"line":20,"column":34}}]},"3":{"loc":{"start":{"line":20,"column":17},"end":{"line":20,"column":30}},"type":"binary-expr","locations":[{"start":{"line":20,"column":17},"end":{"line":20,"column":30}},{"start":{"line":20,"column":17},"end":{"line":20,"column":30}}]}},"s":{"0":6,"1":6,"2":6,"3":6,"4":6,"5":0,"6":0,"7":0,"8":0,"9":0,"10":0},"f":{"0":0,"1":0,"2":0,"3":0},"b":{"0":[0,0],"1":[0,0],"2":[0,0],"3":[0,0]}}
,"/home/kimjs9105/nb6-sprint-mission/src/repository/product.repo.ts": {"path":"/home/kimjs9105/nb6-sprint-mission/src/repository/product.repo.ts","statementMap":{"0":{"start":{"line":5,"column":0},"end":{"line":5,"column":22}},"1":{"start":{"line":11,"column":0},"end":{"line":11,"column":22}},"2":{"start":{"line":18,"column":0},"end":{"line":18,"column":22}},"3":{"start":{"line":38,"column":0},"end":{"line":38,"column":22}},"4":{"start":{"line":82,"column":0},"end":{"line":82,"column":22}},"5":{"start":{"line":131,"column":0},"end":{"line":131,"column":22}},"6":{"start":{"line":150,"column":0},"end":{"line":150,"column":22}},"7":{"start":{"line":2,"column":0},"end":{"line":2,"column":49}},"8":{"start":{"line":6,"column":2},"end":{"line":8,"column":5}},"9":{"start":{"line":12,"column":18},"end":{"line":14,"column":4}},"10":{"start":{"line":15,"column":2},"end":{"line":15,"column":17}},"11":{"start":{"line":19,"column":18},"end":{"line":22,"column":4}},"12":{"start":{"line":23,"column":2},"end":{"line":25,"column":3}},"13":{"start":{"line":24,"column":4},"end":{"line":24,"column":16}},"14":{"start":{"line":27,"column":21},"end":{"line":33,"column":null}},"15":{"start":{"line":32,"column":45},"end":{"line":32,"column":71}},"16":{"start":{"line":35,"column":2},"end":{"line":35,"column":23}},"17":{"start":{"line":39,"column":2},"end":{"line":80,"column":null}},"18":{"start":{"line":46,"column":16},"end":{"line":50,"column":8}},"19":{"start":{"line":52,"column":21},"end":{"line":54,"column":4}},"20":{"start":{"line":56,"column":19},"end":{"line":64,"column":4}},"21":{"start":{"line":66,"column":25},"end":{"line":74,"column":5}},"22":{"start":{"line":66,"column":51},"end":{"line":73,"column":null}},"23":{"start":{"line":72,"column":47},"end":{"line":72,"column":73}},"24":{"start":{"line":76,"column":2},"end":{"line":79,"column":4}},"25":{"start":{"line":83,"column":2},"end":{"line":129,"column":null}},"26":{"start":{"line":86,"column":16},"end":{"line":90,"column":8}},"27":{"start":{"line":91,"column":21},"end":{"line":100,"column":4}},"28":{"start":{"line":101,"column":19},"end":{"line":116,"column":4}},"29":{"start":{"line":118,"column":25},"end":{"line":123,"column":5}},"30":{"start":{"line":118,"column":51},"end":{"line":122,"column":null}},"31":{"start":{"line":125,"column":2},"end":{"line":128,"column":4}},"32":{"start":{"line":132,"column":18},"end":{"line":138,"column":4}},"33":{"start":{"line":139,"column":21},"end":{"line":145,"column":null}},"34":{"start":{"line":144,"column":45},"end":{"line":144,"column":76}},"35":{"start":{"line":147,"column":2},"end":{"line":147,"column":23}},"36":{"start":{"line":151,"column":2},"end":{"line":153,"column":5}}},"fnMap":{"0":{"name":"createProduct","decl":{"start":{"line":5,"column":22},"end":{"line":5,"column":35}},"loc":{"start":{"line":5,"column":89},"end":{"line":9,"column":null}}},"1":{"name":"getProduct","decl":{"start":{"line":11,"column":22},"end":{"line":11,"column":32}},"loc":{"start":{"line":11,"column":43},"end":{"line":16,"column":null}}},"2":{"name":"getProductWithFavorites","decl":{"start":{"line":18,"column":22},"end":{"line":18,"column":45}},"loc":{"start":{"line":18,"column":73},"end":{"line":36,"column":null}}},"3":{"name":"(anonymous_13)","decl":{"start":{"line":32,"column":31},"end":{"line":32,"column":32}},"loc":{"start":{"line":32,"column":45},"end":{"line":32,"column":71}}},"4":{"name":"getProductListWithFavorites","decl":{"start":{"line":38,"column":22},"end":{"line":38,"column":49}},"loc":{"start":{"line":38,"column":49},"end":{"line":80,"column":null}}},"5":{"name":"(anonymous_15)","decl":{"start":{"line":39,"column":2},"end":{"line":39,"column":4}},"loc":{"start":{"line":44,"column":8},"end":{"line":80,"column":1}}},"6":{"name":"(anonymous_16)","decl":{"start":{"line":66,"column":38},"end":{"line":66,"column":39}},"loc":{"start":{"line":66,"column":51},"end":{"line":73,"column":null}}},"7":{"name":"(anonymous_17)","decl":{"start":{"line":72,"column":33},"end":{"line":72,"column":34}},"loc":{"start":{"line":72,"column":47},"end":{"line":72,"column":73}}},"8":{"name":"getFavoriteProductListByOwnerId","decl":{"start":{"line":82,"column":22},"end":{"line":82,"column":53}},"loc":{"start":{"line":82,"column":53},"end":{"line":129,"column":null}}},"9":{"name":"(anonymous_19)","decl":{"start":{"line":83,"column":2},"end":{"line":83,"column":17}},"loc":{"start":{"line":84,"column":60},"end":{"line":129,"column":1}}},"10":{"name":"(anonymous_20)","decl":{"start":{"line":118,"column":38},"end":{"line":118,"column":39}},"loc":{"start":{"line":118,"column":51},"end":{"line":122,"column":null}}},"11":{"name":"updateProductWithFavorites","decl":{"start":{"line":131,"column":22},"end":{"line":131,"column":48}},"loc":{"start":{"line":131,"column":83},"end":{"line":148,"column":null}}},"12":{"name":"(anonymous_23)","decl":{"start":{"line":144,"column":31},"end":{"line":144,"column":32}},"loc":{"start":{"line":144,"column":45},"end":{"line":144,"column":76}}},"13":{"name":"deleteProduct","decl":{"start":{"line":150,"column":22},"end":{"line":150,"column":35}},"loc":{"start":{"line":150,"column":46},"end":{"line":154,"column":null}}}},"branchMap":{"0":{"loc":{"start":{"line":23,"column":2},"end":{"line":25,"column":3}},"type":"if","locations":[{"start":{"line":23,"column":2},"end":{"line":25,"column":3}},{"start":{},"end":{}}]},"1":{"loc":{"start":{"line":31,"column":17},"end":{"line":33,"column":17}},"type":"cond-expr","locations":[{"start":{"line":32,"column":8},"end":{"line":32,"column":72}},{"start":{"line":33,"column":8},"end":{"line":33,"column":17}}]},"2":{"loc":{"start":{"line":40,"column":2},"end":{"line":44,"column":8}},"type":"default-arg","locations":[{"start":{"line":44,"column":6},"end":{"line":44,"column":8}}]},"3":{"loc":{"start":{"line":46,"column":16},"end":{"line":50,"column":8}},"type":"cond-expr","locations":[{"start":{"line":47,"column":6},"end":{"line":49,"column":null}},{"start":{"line":50,"column":6},"end":{"line":50,"column":8}}]},"4":{"loc":{"start":{"line":59,"column":13},"end":{"line":59,"column":66}},"type":"cond-expr","locations":[{"start":{"line":59,"column":36},"end":{"line":59,"column":50}},{"start":{"line":59,"column":53},"end":{"line":59,"column":66}}]},"5":{"loc":{"start":{"line":71,"column":6},"end":{"line":73,"column":19}},"type":"cond-expr","locations":[{"start":{"line":72,"column":10},"end":{"line":72,"column":74}},{"start":{"line":73,"column":10},"end":{"line":73,"column":19}}]},"6":{"loc":{"start":{"line":86,"column":16},"end":{"line":90,"column":8}},"type":"cond-expr","locations":[{"start":{"line":87,"column":6},"end":{"line":89,"column":null}},{"start":{"line":90,"column":6},"end":{"line":90,"column":8}}]},"7":{"loc":{"start":{"line":104,"column":13},"end":{"line":104,"column":66}},"type":"cond-expr","locations":[{"start":{"line":104,"column":36},"end":{"line":104,"column":50}},{"start":{"line":104,"column":53},"end":{"line":104,"column":66}}]},"8":{"loc":{"start":{"line":143,"column":17},"end":{"line":145,"column":17}},"type":"cond-expr","locations":[{"start":{"line":144,"column":8},"end":{"line":144,"column":77}},{"start":{"line":145,"column":8},"end":{"line":145,"column":17}}]}},"s":{"0":6,"1":6,"2":6,"3":6,"4":6,"5":6,"6":6,"7":6,"8":14,"9":10,"10":10,"11":4,"12":4,"13":2,"14":2,"15":0,"16":2,"17":8,"18":8,"19":8,"20":8,"21":8,"22":38,"23":0,"24":8,"25":0,"26":0,"27":0,"28":0,"29":0,"30":0,"31":0,"32":5,"33":5,"34":0,"35":5,"36":1},"f":{"0":14,"1":10,"2":4,"3":0,"4":8,"5":8,"6":38,"7":0,"8":0,"9":0,"10":0,"11":5,"12":0,"13":1},"b":{"0":[2,2],"1":[0,2],"2":[0],"3":[2,6],"4":[0,8],"5":[10,28],"6":[0,0],"7":[0,0],"8":[5,0]}}
,"/home/kimjs9105/nb6-sprint-mission/src/repository/user.repo.ts": {"path":"/home/kimjs9105/nb6-sprint-mission/src/repository/user.repo.ts","statementMap":{"0":{"start":{"line":4,"column":0},"end":{"line":4,"column":22}},"1":{"start":{"line":13,"column":0},"end":{"line":13,"column":22}},"2":{"start":{"line":20,"column":0},"end":{"line":20,"column":22}},"3":{"start":{"line":27,"column":0},"end":{"line":27,"column":22}},"4":{"start":{"line":35,"column":0},"end":{"line":35,"column":22}},"5":{"start":{"line":2,"column":0},"end":{"line":2,"column":49}},"6":{"start":{"line":7,"column":22},"end":{"line":9,"column":4}},"7":{"start":{"line":10,"column":2},"end":{"line":10,"column":21}},"8":{"start":{"line":14,"column":15},"end":{"line":16,"column":4}},"9":{"start":{"line":17,"column":2},"end":{"line":17,"column":14}},"10":{"start":{"line":21,"column":15},"end":{"line":23,"column":4}},"11":{"start":{"line":24,"column":2},"end":{"line":24,"column":14}},"12":{"start":{"line":28,"column":22},"end":{"line":31,"column":4}},"13":{"start":{"line":32,"column":2},"end":{"line":32,"column":21}},"14":{"start":{"line":36,"column":2},"end":{"line":38,"column":5}}},"fnMap":{"0":{"name":"createUser","decl":{"start":{"line":4,"column":22},"end":{"line":4,"column":32}},"loc":{"start":{"line":5,"column":52},"end":{"line":11,"column":null}}},"1":{"name":"getUser","decl":{"start":{"line":13,"column":22},"end":{"line":13,"column":29}},"loc":{"start":{"line":13,"column":40},"end":{"line":18,"column":null}}},"2":{"name":"getUserByEmail","decl":{"start":{"line":20,"column":22},"end":{"line":20,"column":36}},"loc":{"start":{"line":20,"column":50},"end":{"line":25,"column":null}}},"3":{"name":"updateUser","decl":{"start":{"line":27,"column":22},"end":{"line":27,"column":32}},"loc":{"start":{"line":27,"column":64},"end":{"line":33,"column":null}}},"4":{"name":"deleteUser","decl":{"start":{"line":35,"column":22},"end":{"line":35,"column":32}},"loc":{"start":{"line":35,"column":43},"end":{"line":39,"column":null}}}},"branchMap":{},"s":{"0":5,"1":5,"2":5,"3":5,"4":5,"5":5,"6":85,"7":85,"8":57,"9":57,"10":159,"11":159,"12":0,"13":0,"14":0},"f":{"0":85,"1":57,"2":159,"3":0,"4":0},"b":{}}
,"/home/kimjs9105/nb6-sprint-mission/src/routers/article.router.ts": {"path":"/home/kimjs9105/nb6-sprint-mission/src/routers/article.router.ts","statementMap":{"0":{"start":{"line":1,"column":0},"end":{"line":1,"column":30}},"1":{"start":{"line":2,"column":0},"end":{"line":2,"column":43}},"2":{"start":{"line":3,"column":0},"end":{"line":3,"column":null}},"3":{"start":{"line":14,"column":0},"end":{"line":14,"column":52}},"4":{"start":{"line":16,"column":23},"end":{"line":16,"column":39}},"5":{"start":{"line":18,"column":0},"end":{"line":18,"column":67}},"6":{"start":{"line":19,"column":0},"end":{"line":23,"column":2}},"7":{"start":{"line":24,"column":0},"end":{"line":28,"column":2}},"8":{"start":{"line":29,"column":0},"end":{"line":29,"column":71}},"9":{"start":{"line":30,"column":0},"end":{"line":30,"column":72}},"10":{"start":{"line":31,"column":0},"end":{"line":31,"column":79}},"11":{"start":{"line":32,"column":0},"end":{"line":32,"column":63}},"12":{"start":{"line":33,"column":0},"end":{"line":33,"column":73}},"13":{"start":{"line":34,"column":0},"end":{"line":34,"column":75}},"14":{"start":{"line":36,"column":0},"end":{"line":36,"column":30}}},"fnMap":{},"branchMap":{},"s":{"0":5,"1":5,"2":5,"3":5,"4":5,"5":5,"6":5,"7":5,"8":5,"9":5,"10":5,"11":5,"12":5,"13":5,"14":5},"f":{},"b":{}}
,"/home/kimjs9105/nb6-sprint-mission/src/routers/auth.router.ts": {"path":"/home/kimjs9105/nb6-sprint-mission/src/routers/auth.router.ts","statementMap":{"0":{"start":{"line":1,"column":0},"end":{"line":1,"column":30}},"1":{"start":{"line":2,"column":0},"end":{"line":2,"column":null}},"2":{"start":{"line":8,"column":0},"end":{"line":8,"column":43}},"3":{"start":{"line":10,"column":19},"end":{"line":10,"column":35}},"4":{"start":{"line":12,"column":0},"end":{"line":12,"column":50}},"5":{"start":{"line":13,"column":0},"end":{"line":13,"column":44}},"6":{"start":{"line":14,"column":0},"end":{"line":14,"column":46}},"7":{"start":{"line":15,"column":0},"end":{"line":15,"column":53}},"8":{"start":{"line":17,"column":0},"end":{"line":17,"column":26}}},"fnMap":{},"branchMap":{},"s":{"0":5,"1":5,"2":5,"3":5,"4":5,"5":5,"6":5,"7":5,"8":5},"f":{},"b":{}}
,"/home/kimjs9105/nb6-sprint-mission/src/routers/comment.router.ts": {"path":"/home/kimjs9105/nb6-sprint-mission/src/routers/comment.router.ts","statementMap":{"0":{"start":{"line":1,"column":0},"end":{"line":1,"column":30}},"1":{"start":{"line":2,"column":0},"end":{"line":2,"column":43}},"2":{"start":{"line":3,"column":0},"end":{"line":3,"column":80}},"3":{"start":{"line":4,"column":0},"end":{"line":4,"column":52}},"4":{"start":{"line":6,"column":23},"end":{"line":6,"column":39}},"5":{"start":{"line":8,"column":0},"end":{"line":8,"column":71}},"6":{"start":{"line":9,"column":0},"end":{"line":9,"column":72}},"7":{"start":{"line":11,"column":0},"end":{"line":11,"column":30}}},"fnMap":{},"branchMap":{},"s":{"0":5,"1":5,"2":5,"3":5,"4":5,"5":5,"6":5,"7":5},"f":{},"b":{}}
,"/home/kimjs9105/nb6-sprint-mission/src/routers/image.router.ts": {"path":"/home/kimjs9105/nb6-sprint-mission/src/routers/image.router.ts","statementMap":{"0":{"start":{"line":1,"column":0},"end":{"line":1,"column":30}},"1":{"start":{"line":2,"column":0},"end":{"line":2,"column":43}},"2":{"start":{"line":3,"column":0},"end":{"line":3,"column":69}},"3":{"start":{"line":5,"column":21},"end":{"line":5,"column":37}},"4":{"start":{"line":7,"column":0},"end":{"line":7,"column":77}},"5":{"start":{"line":9,"column":0},"end":{"line":9,"column":28}}},"fnMap":{},"branchMap":{},"s":{"0":5,"1":5,"2":5,"3":5,"4":5,"5":5},"f":{},"b":{}}
,"/home/kimjs9105/nb6-sprint-mission/src/routers/notification.router.ts": {"path":"/home/kimjs9105/nb6-sprint-mission/src/routers/notification.router.ts","statementMap":{"0":{"start":{"line":1,"column":0},"end":{"line":1,"column":30}},"1":{"start":{"line":2,"column":0},"end":{"line":2,"column":43}},"2":{"start":{"line":3,"column":0},"end":{"line":3,"column":93}},"3":{"start":{"line":4,"column":0},"end":{"line":4,"column":52}},"4":{"start":{"line":6,"column":27},"end":{"line":6,"column":43}},"5":{"start":{"line":8,"column":0},"end":{"line":8,"column":73}},"6":{"start":{"line":10,"column":0},"end":{"line":10,"column":85}},"7":{"start":{"line":12,"column":0},"end":{"line":12,"column":34}}},"fnMap":{},"branchMap":{},"s":{"0":5,"1":5,"2":5,"3":5,"4":5,"5":5,"6":5,"7":5},"f":{},"b":{}}
,"/home/kimjs9105/nb6-sprint-mission/src/routers/product.router.ts": {"path":"/home/kimjs9105/nb6-sprint-mission/src/routers/product.router.ts","statementMap":{"0":{"start":{"line":1,"column":0},"end":{"line":1,"column":30}},"1":{"start":{"line":2,"column":0},"end":{"line":2,"column":43}},"2":{"start":{"line":3,"column":0},"end":{"line":3,"column":null}},"3":{"start":{"line":14,"column":0},"end":{"line":14,"column":52}},"4":{"start":{"line":16,"column":23},"end":{"line":16,"column":39}},"5":{"start":{"line":18,"column":0},"end":{"line":18,"column":67}},"6":{"start":{"line":19,"column":0},"end":{"line":23,"column":2}},"7":{"start":{"line":24,"column":0},"end":{"line":24,"column":71}},"8":{"start":{"line":25,"column":0},"end":{"line":25,"column":72}},"9":{"start":{"line":26,"column":0},"end":{"line":30,"column":2}},"10":{"start":{"line":31,"column":0},"end":{"line":31,"column":79}},"11":{"start":{"line":32,"column":0},"end":{"line":32,"column":63}},"12":{"start":{"line":33,"column":0},"end":{"line":37,"column":2}},"13":{"start":{"line":38,"column":0},"end":{"line":42,"column":2}},"14":{"start":{"line":44,"column":0},"end":{"line":44,"column":30}}},"fnMap":{},"branchMap":{},"s":{"0":5,"1":5,"2":5,"3":5,"4":5,"5":5,"6":5,"7":5,"8":5,"9":5,"10":5,"11":5,"12":5,"13":5,"14":5},"f":{},"b":{}}
,"/home/kimjs9105/nb6-sprint-mission/src/routers/user.router.ts": {"path":"/home/kimjs9105/nb6-sprint-mission/src/routers/user.router.ts","statementMap":{"0":{"start":{"line":1,"column":0},"end":{"line":1,"column":30}},"1":{"start":{"line":2,"column":0},"end":{"line":2,"column":43}},"2":{"start":{"line":3,"column":0},"end":{"line":3,"column":null}},"3":{"start":{"line":10,"column":0},"end":{"line":10,"column":52}},"4":{"start":{"line":12,"column":20},"end":{"line":12,"column":36}},"5":{"start":{"line":14,"column":0},"end":{"line":14,"column":57}},"6":{"start":{"line":15,"column":0},"end":{"line":15,"column":62}},"7":{"start":{"line":16,"column":0},"end":{"line":16,"column":79}},"8":{"start":{"line":17,"column":0},"end":{"line":17,"column":77}},"9":{"start":{"line":18,"column":0},"end":{"line":18,"column":79}},"10":{"start":{"line":20,"column":0},"end":{"line":20,"column":27}}},"fnMap":{},"branchMap":{},"s":{"0":5,"1":5,"2":5,"3":5,"4":5,"5":5,"6":5,"7":5,"8":5,"9":5,"10":5},"f":{},"b":{}}
,"/home/kimjs9105/nb6-sprint-mission/src/service/article.service.ts": {"path":"/home/kimjs9105/nb6-sprint-mission/src/service/article.service.ts","statementMap":{"0":{"start":{"line":10,"column":0},"end":{"line":10,"column":22}},"1":{"start":{"line":19,"column":0},"end":{"line":19,"column":22}},"2":{"start":{"line":27,"column":0},"end":{"line":27,"column":22}},"3":{"start":{"line":34,"column":0},"end":{"line":34,"column":22}},"4":{"start":{"line":48,"column":0},"end":{"line":48,"column":22}},"5":{"start":{"line":1,"column":0},"end":{"line":1,"column":64}},"6":{"start":{"line":3,"column":0},"end":{"line":3,"column":56}},"7":{"start":{"line":4,"column":0},"end":{"line":4,"column":54}},"8":{"start":{"line":11,"column":25},"end":{"line":11,"column":69}},"9":{"start":{"line":12,"column":2},"end":{"line":15,"column":null}},"10":{"start":{"line":20,"column":18},"end":{"line":20,"column":66}},"11":{"start":{"line":21,"column":2},"end":{"line":23,"column":3}},"12":{"start":{"line":22,"column":4},"end":{"line":22,"column":43}},"13":{"start":{"line":24,"column":2},"end":{"line":24,"column":17}},"14":{"start":{"line":30,"column":19},"end":{"line":30,"column":75}},"15":{"start":{"line":31,"column":2},"end":{"line":31,"column":18}},"16":{"start":{"line":35,"column":26},"end":{"line":35,"column":65}},"17":{"start":{"line":36,"column":2},"end":{"line":38,"column":3}},"18":{"start":{"line":37,"column":4},"end":{"line":37,"column":43}},"19":{"start":{"line":40,"column":2},"end":{"line":42,"column":3}},"20":{"start":{"line":41,"column":4},"end":{"line":41,"column":67}},"21":{"start":{"line":44,"column":25},"end":{"line":44,"column":82}},"22":{"start":{"line":45,"column":2},"end":{"line":45,"column":24}},"23":{"start":{"line":49,"column":26},"end":{"line":49,"column":65}},"24":{"start":{"line":50,"column":2},"end":{"line":52,"column":3}},"25":{"start":{"line":51,"column":4},"end":{"line":51,"column":43}},"26":{"start":{"line":54,"column":2},"end":{"line":56,"column":3}},"27":{"start":{"line":55,"column":4},"end":{"line":55,"column":67}},"28":{"start":{"line":58,"column":2},"end":{"line":58,"column":45}}},"fnMap":{"0":{"name":"createArticle","decl":{"start":{"line":10,"column":22},"end":{"line":10,"column":35}},"loc":{"start":{"line":10,"column":59},"end":{"line":17,"column":null}}},"1":{"name":"getArticle","decl":{"start":{"line":19,"column":22},"end":{"line":19,"column":32}},"loc":{"start":{"line":19,"column":43},"end":{"line":25,"column":null}}},"2":{"name":"getArticleList","decl":{"start":{"line":27,"column":22},"end":{"line":27,"column":36}},"loc":{"start":{"line":28,"column":30},"end":{"line":32,"column":null}}},"3":{"name":"updateArticle","decl":{"start":{"line":34,"column":22},"end":{"line":34,"column":35}},"loc":{"start":{"line":34,"column":71},"end":{"line":46,"column":null}}},"4":{"name":"deleteArticle","decl":{"start":{"line":48,"column":22},"end":{"line":48,"column":35}},"loc":{"start":{"line":48,"column":62},"end":{"line":59,"column":null}}}},"branchMap":{"0":{"loc":{"start":{"line":21,"column":2},"end":{"line":23,"column":3}},"type":"if","locations":[{"start":{"line":21,"column":2},"end":{"line":23,"column":3}},{"start":{},"end":{}}]},"1":{"loc":{"start":{"line":36,"column":2},"end":{"line":38,"column":3}},"type":"if","locations":[{"start":{"line":36,"column":2},"end":{"line":38,"column":3}},{"start":{},"end":{}}]},"2":{"loc":{"start":{"line":40,"column":2},"end":{"line":42,"column":3}},"type":"if","locations":[{"start":{"line":40,"column":2},"end":{"line":42,"column":3}},{"start":{},"end":{}}]},"3":{"loc":{"start":{"line":50,"column":2},"end":{"line":52,"column":3}},"type":"if","locations":[{"start":{"line":50,"column":2},"end":{"line":52,"column":3}},{"start":{},"end":{}}]},"4":{"loc":{"start":{"line":54,"column":2},"end":{"line":5
[...]
olumn":58}},"6":{"start":{"line":7,"column":26},"end":{"line":7,"column":72}},"7":{"start":{"line":8,"column":2},"end":{"line":10,"column":3}},"8":{"start":{"line":9,"column":4},"end":{"line":9,"column":50}},"9":{"start":{"line":12,"column":23},"end":{"line":12,"column":71}},"10":{"start":{"line":13,"column":2},"end":{"line":15,"column":3}},"11":{"start":{"line":14,"column":4},"end":{"line":14,"column":47}},"12":{"start":{"line":17,"column":2},"end":{"line":17,"column":58}},"13":{"start":{"line":21,"column":26},"end":{"line":21,"column":72}},"14":{"start":{"line":22,"column":2},"end":{"line":24,"column":3}},"15":{"start":{"line":23,"column":4},"end":{"line":23,"column":50}},"16":{"start":{"line":26,"column":23},"end":{"line":26,"column":71}},"17":{"start":{"line":27,"column":2},"end":{"line":29,"column":3}},"18":{"start":{"line":28,"column":4},"end":{"line":28,"column":43}},"19":{"start":{"line":31,"column":2},"end":{"line":31,"column":52}}},"fnMap":{"0":{"name":"createLike","decl":{"start":{"line":6,"column":22},"end":{"line":6,"column":32}},"loc":{"start":{"line":6,"column":66},"end":{"line":18,"column":null}}},"1":{"name":"deleteLike","decl":{"start":{"line":20,"column":22},"end":{"line":20,"column":32}},"loc":{"start":{"line":20,"column":66},"end":{"line":32,"column":null}}}},"branchMap":{"0":{"loc":{"start":{"line":8,"column":2},"end":{"line":10,"column":3}},"type":"if","locations":[{"start":{"line":8,"column":2},"end":{"line":10,"column":3}},{"start":{},"end":{}}]},"1":{"loc":{"start":{"line":13,"column":2},"end":{"line":15,"column":3}},"type":"if","locations":[{"start":{"line":13,"column":2},"end":{"line":15,"column":3}},{"start":{},"end":{}}]},"2":{"loc":{"start":{"line":22,"column":2},"end":{"line":24,"column":3}},"type":"if","locations":[{"start":{"line":22,"column":2},"end":{"line":24,"column":3}},{"start":{},"end":{}}]},"3":{"loc":{"start":{"line":27,"column":2},"end":{"line":29,"column":3}},"type":"if","locations":[{"start":{"line":27,"column":2},"end":{"line":29,"column":3}},{"start":{},"end":{}}]}},"s":{"0":5,"1":5,"2":5,"3":5,"4":5,"5":5,"6":0,"7":0,"8":0,"9":0,"10":0,"11":0,"12":0,"13":0,"14":0,"15":0,"16":0,"17":0,"18":0,"19":0},"f":{"0":0,"1":0},"b":{"0":[0,0],"1":[0,0],"2":[0,0],"3":[0,0]}}
,"/home/kimjs9105/nb6-sprint-mission/src/service/notification.service.ts": {"path":"/home/kimjs9105/nb6-sprint-mission/src/service/notification.service.ts","statementMap":{"0":{"start":{"line":4,"column":0},"end":{"line":4,"column":22}},"1":{"start":{"line":10,"column":0},"end":{"line":10,"column":22}},"2":{"start":{"line":1,"column":0},"end":{"line":1,"column":54}},"3":{"start":{"line":2,"column":0},"end":{"line":2,"column":74}},"4":{"start":{"line":5,"column":27},"end":{"line":5,"column":84}},"5":{"start":{"line":7,"column":2},"end":{"line":7,"column":26}},"6":{"start":{"line":11,"column":26},"end":{"line":11,"column":87}},"7":{"start":{"line":12,"column":2},"end":{"line":12,"column":80}},"8":{"start":{"line":12,"column":24},"end":{"line":12,"column":80}},"9":{"start":{"line":14,"column":29},"end":{"line":14,"column":92}},"10":{"start":{"line":15,"column":2},"end":{"line":15,"column":28}}},"fnMap":{"0":{"name":"getNotificationList","decl":{"start":{"line":4,"column":22},"end":{"line":4,"column":41}},"loc":{"start":{"line":4,"column":56},"end":{"line":8,"column":null}}},"1":{"name":"updateNotificationInfo","decl":{"start":{"line":10,"column":22},"end":{"line":10,"column":44}},"loc":{"start":{"line":10,"column":67},"end":{"line":16,"column":null}}}},"branchMap":{"0":{"loc":{"start":{"line":12,"column":2},"end":{"line":12,"column":80}},"type":"if","locations":[{"start":{"line":12,"column":2},"end":{"line":12,"column":80}},{"start":{},"end":{}}]}},"s":{"0":5,"1":5,"2":5,"3":5,"4":0,"5":0,"6":0,"7":0,"8":0,"9":0,"10":0},"f":{"0":0,"1":0},"b":{"0":[0,0]}}
,"/home/kimjs9105/nb6-sprint-mission/src/service/product.service.ts": {"path":"/home/kimjs9105/nb6-sprint-mission/src/service/product.service.ts","statementMap":{"0":{"start":{"line":16,"column":0},"end":{"line":16,"column":22}},"1":{"start":{"line":25,"column":0},"end":{"line":25,"column":22}},"2":{"start":{"line":33,"column":0},"end":{"line":33,"column":22}},"3":{"start":{"line":41,"column":0},"end":{"line":41,"column":22}},"4":{"start":{"line":82,"column":0},"end":{"line":82,"column":22}},"5":{"start":{"line":1,"column":0},"end":{"line":1,"column":56}},"6":{"start":{"line":2,"column":0},"end":{"line":2,"column":54}},"7":{"start":{"line":3,"column":0},"end":{"line":3,"column":63}},"8":{"start":{"line":4,"column":0},"end":{"line":4,"column":64}},"9":{"start":{"line":5,"column":0},"end":{"line":5,"column":72}},"10":{"start":{"line":8,"column":0},"end":{"line":8,"column":46}},"11":{"start":{"line":17,"column":25},"end":{"line":17,"column":69}},"12":{"start":{"line":18,"column":2},"end":{"line":21,"column":null}},"13":{"start":{"line":26,"column":18},"end":{"line":26,"column":70}},"14":{"start":{"line":27,"column":2},"end":{"line":29,"column":3}},"15":{"start":{"line":28,"column":4},"end":{"line":28,"column":43}},"16":{"start":{"line":30,"column":2},"end":{"line":30,"column":17}},"17":{"start":{"line":34,"column":2},"end":{"line":39,"column":null}},"18":{"start":{"line":37,"column":19},"end":{"line":37,"column":91}},"19":{"start":{"line":38,"column":2},"end":{"line":38,"column":18}},"20":{"start":{"line":42,"column":26},"end":{"line":42,"column":65}},"21":{"start":{"line":43,"column":2},"end":{"line":45,"column":3}},"22":{"start":{"line":44,"column":4},"end":{"line":44,"column":43}},"23":{"start":{"line":46,"column":2},"end":{"line":48,"column":3}},"24":{"start":{"line":47,"column":4},"end":{"line":47,"column":67}},"25":{"start":{"line":49,"column":25},"end":{"line":49,"column":86}},"26":{"start":{"line":51,"column":20},"end":{"line":51,"column":38}},"27":{"start":{"line":52,"column":28},"end":{"line":52,"column":81}},"28":{"start":{"line":54,"column":21},"end":{"line":54,"column":41}},"29":{"start":{"line":55,"column":18},"end":{"line":55,"column":45}},"30":{"start":{"line":57,"column":2},"end":{"line":77,"column":3}},"31":{"start":{"line":58,"column":24},"end":{"line":58,"column":82}},"32":{"start":{"line":60,"column":4},"end":{"line":69,"column":6}},"33":{"start":{"line":62,"column":8},"end":{"line":67,"column":10}},"34":{"start":{"line":71,"column":4},"end":{"line":76,"column":7}},"35":{"start":{"line":72,"column":6},"end":{"line":75,"column":9}},"36":{"start":{"line":79,"column":2},"end":{"line":79,"column":24}},"37":{"start":{"line":83,"column":26},"end":{"line":83,"column":65}},"38":{"start":{"line":84,"column":2},"end":{"line":86,"column":3}},"39":{"start":{"line":85,"column":4},"end":{"line":85,"column":43}},"40":{"start":{"line":87,"column":2},"end":{"line":89,"column":3}},"41":{"start":{"line":88,"column":4},"end":{"line":88,"column":67}},"42":{"start":{"line":90,"column":2},"end":{"line":90,"column":45}}},"fnMap":{"0":{"name":"createProduct","decl":{"start":{"line":16,"column":22},"end":{"line":16,"column":35}},"loc":{"start":{"line":16,"column":59},"end":{"line":23,"column":null}}},"1":{"name":"getProduct","decl":{"start":{"line":25,"column":22},"end":{"line":25,"column":32}},"loc":{"start":{"line":25,"column":43},"end":{"line":31,"column":null}}},"2":{"name":"getProductList","decl":{"start":{"line":33,"column":22},"end":{"line":33,"column":36}},"loc":{"start":{"line":33,"column":36},"end":{"line":39,"column":null}}},"3":{"name":"(anonymous_22)","decl":{"start":{"line":34,"column":2},"end":{"line":34,"column":30}},"loc":{"start":{"line":35,"column":38},"end":{"line":39,"column":1}}},"4":{"name":"updateProduct","decl":{"start":{"line":41,"column":22},"end":{"line":41,"column":35}},"loc":{"start":{"line":41,"column":71},"end":{"line":80,"column":null}}},"5":{"name":"(anonymous_25)","decl":{"start":{"line":61,"column":28},"end":{"line":61,"column":29}},"loc":{"start":{"line":62,"column":8},"end":{"line":67,"column":10}}},"6":{"name":"(anonymous_26)","decl":{"start":{"line":71,"column":30},"end":{"line":71,"column":31}},"loc":{"start":{"line":71,"column":39},"end":{"line":76,"column":5}}},"7":{"name":"deleteProduct","decl":{"start":{"line":82,"column":22},"end":{"line":82,"column":35}},"loc":{"start":{"line":82,"column":62},"end":{"line":91,"column":null}}}},"branchMap":{"0":{"loc":{"start":{"line":27,"column":2},"end":{"line":29,"column":3}},"type":"if","locations":[{"start":{"line":27,"column":2},"end":{"line":29,"column":3}},{"start":{},"end":{}}]},"1":{"loc":{"start":{"line":35,"column":2},"end":{"line":35,"column":38}},"type":"default-arg","locations":[{"start":{"line":35,"column":36},"end":{"line":35,"column":38}}]},"2":{"loc":{"start":{"line":43,"column":2},"end":{"line":45,"column":3}},"type":"if","locations":[{"start":{"line":43,"column":2},"end":{"line":45,"column":3}},{"start":{},"end":{}}]},"3":{"loc":{"start":{"line":46,"column":2},"end":{"line":48,"column":3}},"type":"if","locations":[{"start":{"line":46,"column":2},"end":{"line":48,"column":3}},{"start":{},"end":{}}]},"4":{"loc":{"start":{"line":57,"column":2},"end":{"line":77,"column":3}},"type":"if","locations":[{"start":{"line":57,"column":2},"end":{"line":77,"column":3}},{"start":{},"end":{}}]},"5":{"loc":{"start":{"line":57,"column":6},"end":{"line":57,"column":56}},"type":"binary-expr","locations":[{"start":{"line":57,"column":6},"end":{"line":57,"column":16}},{"start":{"line":57,"column":20},"end":{"line":57,"column":56}}]},"6":{"loc":{"start":{"line":58,"column":24},"end":{"line":58,"column":82}},"type":"cond-expr","locations":[{"start":{"line":58,"column":61},"end":{"line":58,"column":70}},{"start":{"line":58,"column":73},"end":{"line":58,"column":82}}]},"7":{"loc":{"start":{"line":84,"column":2},"end":{"line":86,"column":3}},"type":"if","locations":[{"start":{"line":84,"column":2},"end":{"line":86,"column":3}},{"start":{},"end":{}}]},"8":{"loc":{"start":{"line":87,"column":2},"end":{"line":89,"column":3}},"type":"if","locations":[{"start":{"line":87,"column":2},"end":{"line":89,"column":3}},{"start":{},"end":{}}]}},"s":{"0":6,"1":6,"2":6,"3":6,"4":6,"5":6,"6":6,"7":6,"8":6,"9":6,"10":6,"11":15,"12":15,"13":6,"14":6,"15":3,"16":3,"17":9,"18":9,"19":9,"20":11,"21":11,"22":2,"23":9,"24":2,"25":7,"26":7,"27":7,"28":7,"29":7,"30":7,"31":2,"32":2,"33":2,"34":2,"35":2,"36":7,"37":6,"38":6,"39":2,"40":4,"41":2,"42":2},"f":{"0":15,"1":6,"2":9,"3":9,"4":11,"5":2,"6":2,"7":6},"b":{"0":[3,3],"1":[1],"2":[2,9],"3":[2,7],"4":[2,5],"5":[7,2],"6":[1,1],"7":[2,4],"8":[2,2]}}
,"/home/kimjs9105/nb6-sprint-mission/src/service/user.service.ts": {"path":"/home/kimjs9105/nb6-sprint-mission/src/service/user.service.ts","statementMap":{"0":{"start":{"line":10,"column":0},"end":{"line":10,"column":22}},"1":{"start":{"line":19,"column":0},"end":{"line":19,"column":22}},"2":{"start":{"line":24,"column":0},"end":{"line":24,"column":22}},"3":{"start":{"line":34,"column":0},"end":{"line":34,"column":22}},"4":{"start":{"line":3,"column":0},"end":{"line":3,"column":58}},"5":{"start":{"line":4,"column":0},"end":{"line":4,"column":64}},"6":{"start":{"line":5,"column":0},"end":{"line":5,"column":54}},"7":{"start":{"line":11,"column":15},"end":{"line":11,"column":52}},"8":{"start":{"line":12,"column":2},"end":{"line":14,"column":3}},"9":{"start":{"line":13,"column":4},"end":{"line":13,"column":44}},"10":{"start":{"line":16,"column":2},"end":{"line":16,"column":14}},"11":{"start":{"line":20,"column":22},"end":{"line":20,"column":68}},"12":{"start":{"line":21,"column":2},"end":{"line":21,"column":21}},"13":{"start":{"line":28,"column":17},"end":{"line":30,"column":4}},"14":{"start":{"line":31,"column":2},"end":{"line":31,"column":16}},"15":{"start":{"line":38,"column":17},"end":{"line":38,"column":89}},"16":{"start":{"line":39,"column":2},"end":{"line":39,"column":16}}},"fnMap":{"0":{"name":"getUser","decl":{"start":{"line":10,"column":22},"end":{"line":10,"column":29}},"loc":{"start":{"line":10,"column":44},"end":{"line":17,"column":null}}},"1":{"name":"updateUser","decl":{"start":{"line":19,"column":22},"end":{"line":19,"column":32}},"loc":{"start":{"line":19,"column":78},"end":{"line":22,"column":null}}},"2":{"name":"getMyProductList","decl":{"start":{"line":24,"column":22},"end":{"line":24,"column":38}},"loc":{"start":{"line":26,"column":30},"end":{"line":32,"column":null}}},"3":{"name":"getMyFavoriteList","decl":{"start":{"line":34,"column":22},"end":{"line":34,"column":39}},"loc":{"start":{"line":36,"column":30},"end":{"line":40,"column":null}}}},"branchMap":{"0":{"loc":{"start":{"line":12,"column":2},"end":{"line":14,"column":3}},"type":"if","locations":[{"start":{"line":12,"column":2},"end":{"line":14,"column":3}},{"start":{},"end":{}}]}},"s":{"0":5,"1":5,"2":5,"3":5,"4":5,"5":5,"6":5,"7":0,"8":0,"9":0,"10":0,"11":0,"12":0,"13":0,"14":0,"15":0,"16":0},"f":{"0":0,"1":0,"2":0,"3":0},"b":{"0":[0,0]}}
,"/home/kimjs9105/nb6-sprint-mission/src/structs/article.structs.ts": {"path":"/home/kimjs9105/nb6-sprint-mission/src/structs/article.structs.ts","statementMap":{"0":{"start":{"line":1,"column":0},"end":{"line":1,"column":82}},"1":{"start":{"line":2,"column":0},"end":{"line":2,"column":60}},"2":{"start":{"line":4,"column":13},"end":{"line":4,"column":59}},"3":{"start":{"line":6,"column":13},"end":{"line":10,"column":3}},"4":{"start":{"line":7,"column":57},"end":{"line":7,"column":69}},"5":{"start":{"line":12,"column":13},"end":{"line":12,"column":72}}},"fnMap":{"0":{"name":"(anonymous_0)","decl":{"start":{"line":7,"column":46},"end":{"line":7,"column":47}},"loc":{"start":{"line":7,"column":57},"end":{"line":7,"column":69}}}},"branchMap":{},"s":{"0":5,"1":5,"2":5,"3":5,"4":17,"5":5},"f":{"0":17},"b":{}}
,"/home/kimjs9105/nb6-sprint-mission/src/structs/auth.structs.ts": {"path":"/home/kimjs9105/nb6-sprint-mission/src/structs/auth.structs.ts","statementMap":{"0":{"start":{"line":1,"column":0},"end":{"line":1,"column":73}},"1":{"start":{"line":2,"column":0},"end":{"line":2,"column":31}},"2":{"start":{"line":4,"column":20},"end":{"line":4,"column":72}},"3":{"start":{"line":4,"column":57},"end":{"line":4,"column":71}},"4":{"start":{"line":6,"column":13},"end":{"line":11,"column":3}},"5":{"start":{"line":13,"column":13},"end":{"line":16,"column":3}}},"fnMap":{"0":{"name":"(anonymous_1)","decl":{"start":{"line":4,"column":46},"end":{"line":4,"column":47}},"loc":{"start":{"line":4,"column":57},"end":{"line":4,"column":71}}}},"branchMap":{},"s":{"0":5,"1":5,"2":5,"3":166,"4":5,"5":5},"f":{"0":166},"b":{}}
,"/home/kimjs9105/nb6-sprint-mission/src/structs/comment.struct.ts": {"path":"/home/kimjs9105/nb6-sprint-mission/src/structs/comment.struct.ts","statementMap":{"0":{"start":{"line":1,"column":0},"end":{"line":1,"column":73}},"1":{"start":{"line":2,"column":0},"end":{"line":2,"column":62}},"2":{"start":{"line":4,"column":13},"end":{"line":8,"column":3}},"3":{"start":{"line":10,"column":13},"end":{"line":10,"column":61}},"4":{"start":{"line":12,"column":13},"end":{"line":12,"column":63}}},"fnMap":{},"branchMap":{},"s":{"0":5,"1":5,"2":5,"3":5,"4":5},"f":{},"b":{}}
,"/home/kimjs9105/nb6-sprint-mission/src/structs/common.structs.ts": {"path":"/home/kimjs9105/nb6-sprint-mission/src/structs/common.structs.ts","statementMap":{"0":{"start":{"line":1,"column":0},"end":{"line":1,"column":100}},"1":{"start":{"line":4,"column":22},"end":{"line":4,"column":77}},"2":{"start":{"line":4,"column":61},"end":{"line":4,"column":76}},"3":{"start":{"line":6,"column":13},"end":{"line":8,"column":3}},"4":{"start":{"line":10,"column":13},"end":{"line":15,"column":3}},"5":{"start":{"line":17,"column":13},"end":{"line":22,"column":3}}},"fnMap":{"0":{"name":"(anonymous_0)","decl":{"start":{"line":4,"column":50},"end":{"line":4,"column":51}},"loc":{"start":{"line":4,"column":61},"end":{"line":4,"column":76}}}},"branchMap":{},"s":{"0":5,"1":5,"2":30,"3":5,"4":5,"5":5},"f":{"0":30},"b":{}}
,"/home/kimjs9105/nb6-sprint-mission/src/structs/product.struct.ts": {"path":"/home/kimjs9105/nb6-sprint-mission/src/structs/product.struct.ts","statementMap":{"0":{"start":{"line":1,"column":0},"end":{"line":1,"column":93}},"1":{"start":{"line":2,"column":0},"end":{"line":2,"column":60}},"2":{"start":{"line":4,"column":13},"end":{"line":10,"column":3}},"3":{"start":{"line":5,"column":56},"end":{"line":5,"column":68}},"4":{"start":{"line":12,"column":13},"end":{"line":12,"column":59}},"5":{"start":{"line":14,"column":13},"end":{"line":14,"column":72}}},"fnMap":{"0":{"name":"(anonymous_0)","decl":{"start":{"line":5,"column":45},"end":{"line":5,"column":46}},"loc":{"start":{"line":5,"column":56},"end":{"line":5,"column":68}}}},"branchMap":{},"s":{"0":5,"1":5,"2":5,"3":20,"4":5,"5":5},"f":{"0":20},"b":{}}
,"/home/kimjs9105/nb6-sprint-mission/src/structs/user.structs.ts": {"path":"/home/kimjs9105/nb6-sprint-mission/src/structs/user.structs.ts","statementMap":{"0":{"start":{"line":1,"column":0},"end":{"line":1,"column":64}},"1":{"start":{"line":2,"column":0},"end":{"line":2,"column":60}},"2":{"start":{"line":4,"column":13},"end":{"line":10,"column":2}},"3":{"start":{"line":12,"column":13},"end":{"line":15,"column":3}},"4":{"start":{"line":17,"column":13},"end":{"line":17,"column":61}},"5":{"start":{"line":19,"column":13},"end":{"line":19,"column":62}}},"fnMap":{},"branchMap":{},"s":{"0":5,"1":5,"2":5,"3":5,"4":5,"5":5},"f":{},"b":{}}
,"/home/kimjs9105/nb6-sprint-mission/test/helper/article.ts": {"path":"/home/kimjs9105/nb6-sprint-mission/test/helper/article.ts","statementMap":{"0":{"start":{"line":3,"column":0},"end":{"line":3,"column":22}},"1":{"start":{"line":1,"column":0},"end":{"line":1,"column":49}},"2":{"start":{"line":5,"column":2},"end":{"line":5,"column":59}},"3":{"start":{"line":7,"column":16},"end":{"line":9,"column":4}},"4":{"start":{"line":12,"column":19},"end":{"line":15,"column":5}},"5":{"start":{"line":12,"column":55},"end":{"line":14,"column":null}},"6":{"start":{"line":18,"column":2},"end":{"line":18,"column":60}},"7":{"start":{"line":20,"column":2},"end":{"line":20,"column":29}}},"fnMap":{"0":{"name":"createArticlesWithUsers","decl":{"start":{"line":3,"column":22},"end":{"line":3,"column":45}},"loc":{"start":{"line":3,"column":85},"end":{"line":21,"column":null}}},"1":{"name":"(anonymous_9)","decl":{"start":{"line":12,"column":37},"end":{"line":12,"column":38}},"loc":{"start":{"line":12,"column":55},"end":{"line":14,"column":null}}}},"branchMap":{},"s":{"0":2,"1":2,"2":5,"3":5,"4":5,"5":50,"6":5,"7":5},"f":{"0":5,"1":50},"b":{}}
,"/home/kimjs9105/nb6-sprint-mission/test/helper/mockdata.ts": {"path":"/home/kimjs9105/nb6-sprint-mission/test/helper/mockdata.ts","statementMap":{"0":{"start":{"line":1,"column":13},"end":{"line":32,"column":2}},"1":{"start":{"line":34,"column":13},"end":{"line":230,"column":2}},"2":{"start":{"line":232,"column":13},"end":{"line":293,"column":2}}},"fnMap":{},"branchMap":{},"s":{"0":4,"1":4,"2":4},"f":{},"b":{}}
,"/home/kimjs9105/nb6-sprint-mission/test/helper/product.ts": {"path":"/home/kimjs9105/nb6-sprint-mission/test/helper/product.ts","statementMap":{"0":{"start":{"line":3,"column":0},"end":{"line":3,"column":22}},"1":{"start":{"line":1,"column":0},"end":{"line":1,"column":49}},"2":{"start":{"line":5,"column":2},"end":{"line":5,"column":59}},"3":{"start":{"line":7,"column":16},"end":{"line":9,"column":4}},"4":{"start":{"line":12,"column":19},"end":{"line":15,"column":5}},"5":{"start":{"line":12,"column":57},"end":{"line":14,"column":null}},"6":{"start":{"line":18,"column":2},"end":{"line":18,"column":60}},"7":{"start":{"line":20,"column":2},"end":{"line":20,"column":29}}},"fnMap":{"0":{"name":"createProductsWithUsers","decl":{"start":{"line":3,"column":22},"end":{"line":3,"column":45}},"loc":{"start":{"line":3,"column":85},"end":{"line":21,"column":null}}},"1":{"name":"(anonymous_9)","decl":{"start":{"line":12,"column":37},"end":{"line":12,"column":38}},"loc":{"start":{"line":12,"column":57},"end":{"line":14,"column":null}}}},"branchMap":{},"s":{"0":2,"1":2,"2":5,"3":5,"4":5,"5":120,"6":5,"7":5},"f":{"0":5,"1":120},"b":{}}
}
