TN:
SF:src/service/articleService.ts
FN:6,(anonymous_8)
FN:23,(anonymous_9)
FN:32,(anonymous_11)
FN:41,(anonymous_13)
FN:45,(anonymous_14)
FNF:5
FNH:5
FNDA:3,(anonymous_8)
FNDA:3,(anonymous_9)
FNDA:2,(anonymous_11)
FNDA:1,(anonymous_13)
FNDA:3,(anonymous_14)
DA:1,6
DA:2,6
DA:3,6
DA:7,3
DA:9,3
DA:11,3
DA:20,3
DA:24,3
DA:25,3
DA:26,2
DA:27,1
DA:29,1
DA:33,2
DA:34,2
DA:35,2
DA:36,1
DA:38,1
DA:42,1
DA:46,3
DA:47,3
DA:48,2
DA:52,6
LF:22
LH:22
BRDA:9,0,0,0
BRDA:9,0,1,3
BRDA:11,1,0,1
BRDA:11,1,1,2
BRDA:25,2,0,1
BRDA:25,2,1,2
BRDA:26,3,0,1
BRDA:26,3,1,1
BRDA:34,4,0,0
BRDA:34,4,1,2
BRDA:35,5,0,1
BRDA:35,5,1,1
BRDA:47,6,0,1
BRDA:47,6,1,2
BRF:14
BRH:12
end_of_record
TN:
SF:src/service/authService.ts
FN:10,(anonymous_8)
FN:43,(anonymous_10)
FN:62,(anonymous_12)
FNF:3
FNH:2
FNDA:4,(anonymous_8)
FNDA:7,(anonymous_10)
FNDA:0,(anonymous_12)
DA:1,6
DA:2,6
DA:3,6
DA:4,6
DA:5,6
DA:6,6
DA:12,4
DA:13,0
DA:15,4
DA:16,0
DA:18,4
DA:19,0
DA:23,4
DA:24,4
DA:25,1
DA:27,3
DA:28,3
DA:29,1
DA:33,2
DA:34,2
DA:37,2
DA:39,2
DA:45,7
DA:46,7
DA:47,1
DA:51,6
DA:52,6
DA:53,1
DA:57,5
DA:59,5
DA:64,0
DA:65,0
DA:66,0
DA:70,0
DA:71,0
DA:75,6
LF:36
LH:28
BRDA:12,0,0,0
BRDA:12,0,1,4
BRDA:15,1,0,0
BRDA:15,1,1,4
BRDA:18,2,0,0
BRDA:18,2,1,4
BRDA:24,3,0,1
BRDA:24,3,1,3
BRDA:28,4,0,1
BRDA:28,4,1,2
BRDA:46,5,0,1
BRDA:46,5,1,6
BRDA:52,6,0,1
BRDA:52,6,1,5
BRDA:65,7,0,0
BRDA:65,7,1,0
BRF:16
BRH:11
end_of_record
TN:
SF:src/service/commentService.ts
FN:9,(anonymous_8)
FN:22,(anonymous_10)
FN:36,(anonymous_12)
FN:54,(anonymous_14)
FN:54,(anonymous_15)
FN:67,(anonymous_16)
FN:71,(anonymous_17)
FNF:7
FNH:0
FNDA:0,(anonymous_8)
FNDA:0,(anonymous_10)
FNDA:0,(anonymous_12)
FNDA:0,(anonymous_14)
FNDA:0,(anonymous_15)
FNDA:0,(anonymous_16)
FNDA:0,(anonymous_17)
DA:1,5
DA:2,5
DA:3,5
DA:4,5
DA:5,5
DA:10,0
DA:12,0
DA:13,0
DA:15,0
DA:16,0
DA:19,0
DA:23,0
DA:25,0
DA:26,0
DA:29,0
DA:30,0
DA:33,0
DA:37,0
DA:39,0
DA:40,0
DA:42,0
DA:43,0
DA:45,0
DA:48,0
DA:51,0
DA:54,0
DA:55,0
DA:61,0
DA:68,0
DA:72,0
DA:74,0
DA:81,5
LF:32
LH:6
BRDA:12,0,0,0
BRDA:12,0,1,0
BRDA:15,1,0,0
BRDA:15,1,1,0
BRDA:25,2,0,0
BRDA:25,2,1,0
BRDA:29,3,0,0
BRDA:29,3,1,0
BRDA:42,4,0,0
BRDA:42,4,1,0
BRDA:54,5,0,0
BRDA:63,6,0,0
BRDA:63,6,1,0
BRDA:76,7,0,0
BRDA:76,7,1,0
BRF:15
BRH:0
end_of_record
TN:
SF:src/service/likeService.ts
FN:5,(anonymous_8)
FNF:1
FNH:0
FNDA:0,(anonymous_8)
DA:1,5
DA:2,5
DA:6,0
DA:7,0
DA:10,0
DA:12,0
DA:14,0
DA:21,0
DA:28,5
LF:9
LH:3
BRDA:6,0,0,0
BRDA:6,0,1,0
BRDA:10,1,0,0
BRDA:10,1,1,0
BRDA:18,2,0,0
BRDA:18,2,1,0
BRDA:18,3,0,0
BRDA:18,3,1,0
BRDA:23,4,0,0
BRDA:23,4,1,0
BRF:10
BRH:0
end_of_record
TN:
SF:src/service/notificationService.ts
FN:10,(anonymous_8)
FN:30,(anonymous_10)
FN:40,(anonymous_12)
FN:46,(anonymous_14)
FN:64,(anonymous_16)
FNF:5
FNH:0
FNDA:0,(anonymous_8)
FNDA:0,(anonymous_10)
FNDA:0,(anonymous_12)
FNDA:0,(anonymous_14)
FNDA:0,(anonymous_16)
DA:1,5
DA:2,5
DA:3,5
DA:4,5
DA:6,5
DA:11,0
DA:12,0
DA:13,0
DA:15,0
DA:16,0
DA:18,0
DA:21,0
DA:26,0
DA:31,0
DA:36,0
DA:41,0
DA:42,0
DA:47,0
DA:48,0
DA:49,0
DA:51,0
DA:52,0
DA:54,0
DA:55,0
DA:58,0
DA:60,0
DA:65,0
DA:66,0
DA:70,5
LF:29
LH:6
BRDA:12,0,0,0
BRDA:12,0,1,0
BRDA:16,1,0,0
BRDA:16,1,1,0
BRDA:48,2,0,0
BRDA:48,2,1,0
BRDA:51,3,0,0
BRDA:51,3,1,0
BRDA:54,4,0,0
BRDA:54,4,1,0
BRF:10
BRH:0
end_of_record
TN:
SF:src/service/productService.ts
FN:9,(anonymous_9)
FN:24,(anonymous_10)
FN:36,(anonymous_12)
FN:42,(anonymous_14)
FN:68,(anonymous_16)
FN:78,(anonymous_18)
FN:84,(anonymous_19)
FNF:7
FNH:7
FNDA:2,(anonymous_9)
FNDA:4,(anonymous_10)
FNDA:1,(anonymous_12)
FNDA:5,(anonymous_14)
FNDA:2,(anonymous_16)
FNDA:9,(anonymous_18)
FNDA:2,(anonymous_19)
DA:1,6
DA:2,6
DA:3,6
DA:4,6
DA:5,6
DA:6,6
DA:10,2
DA:12,2
DA:21,2
DA:25,4
DA:27,3
DA:29,3
DA:37,1
DA:38,1
DA:39,1
DA:43,5
DA:45,5
DA:46,5
DA:47,4
DA:48,1
DA:51,3
DA:52,3
DA:53,3
DA:55,3
DA:61,3
DA:62,2
DA:65,3
DA:69,2
DA:70,2
DA:71,2
DA:72,1
DA:75,1
DA:79,9
DA:80,4
DA:81,1
DA:86,2
DA:88,2
DA:90,2
DA:93,2
DA:103,6
LF:40
LH:40
BRDA:10,0,0,0
BRDA:10,0,1,2
BRDA:12,1,0,1
BRDA:12,1,1,1
BRDA:38,2,0,0
BRDA:38,2,1,1
BRDA:46,3,0,1
BRDA:46,3,1,4
BRDA:47,4,0,1
BRDA:47,4,1,3
BRDA:61,5,0,2
BRDA:61,5,1,1
BRDA:61,6,0,3
BRDA:61,6,1,3
BRDA:70,7,0,0
BRDA:70,7,1,2
BRDA:71,8,0,1
BRDA:71,8,1,1
BRDA:79,9,0,5
BRDA:79,9,1,4
BRDA:80,10,0,1
BRDA:80,10,1,3
BRF:22
BRH:19
end_of_record
TN:
SF:src/service/userService.ts
FN:8,(anonymous_9)
FN:22,(anonymous_11)
FN:32,(anonymous_13)
FN:54,(anonymous_15)
FN:62,(anonymous_17)
FN:73,(anonymous_19)
FN:77,(anonymous_20)
FNF:7
FNH:0
FNDA:0,(anonymous_9)
FNDA:0,(anonymous_11)
FNDA:0,(anonymous_13)
FNDA:0,(anonymous_15)
FNDA:0,(anonymous_17)
FNDA:0,(anonymous_19)
FNDA:0,(anonymous_20)
DA:1,5
DA:2,5
DA:3,5
DA:4,5
DA:5,5
DA:9,0
DA:10,0
DA:13,0
DA:14,0
DA:15,0
DA:18,0
DA:19,0
DA:23,0
DA:24,0
DA:27,0
DA:28,0
DA:29,0
DA:33,0
DA:34,0
DA:37,0
DA:38,0
DA:39,0
DA:42,0
DA:43,0
DA:44,0
DA:47,0
DA:49,0
DA:51,0
DA:55,0
DA:56,0
DA:59,0
DA:63,0
DA:64,0
DA:67,0
DA:69,0
DA:70,0
DA:73,0
DA:75,0
DA:77,0
DA:84,5
LF:40
LH:6
BRDA:9,0,0,0
BRDA:9,0,1,0
BRDA:14,1,0,0
BRDA:14,1,1,0
BRDA:23,2,0,0
BRDA:23,2,1,0
BRDA:33,3,0,0
BRDA:33,3,1,0
BRDA:38,4,0,0
BRDA:38,4,1,0
BRDA:43,5,0,0
BRDA:43,5,1,0
BRDA:55,6,0,0
BRDA:55,6,1,0
BRDA:63,7,0,0
BRDA:63,7,1,0
BRDA:69,8,0,0
BRDA:69,8,1,0
BRF:18
BRH:0
end_of_record
