TN:
SF:src/app.ts
FNF:0
FNH:0
DA:1,1
DA:2,1
DA:3,1
DA:4,1
DA:5,1
DA:6,1
DA:7,1
DA:8,1
DA:9,1
DA:10,1
DA:11,1
DA:12,1
DA:13,1
DA:15,1
DA:17,1
DA:18,1
DA:19,1
DA:20,1
DA:22,1
DA:23,1
DA:24,1
DA:25,1
DA:26,1
DA:27,1
DA:28,1
DA:30,1
DA:31,1
DA:33,1
LF:28
LH:28
BRF:0
BRH:0
end_of_record
TN:
SF:src/controllers/article.controller.ts
FN:14,createArticle
FN:23,getArticle
FN:29,updateArticle
FN:39,deleteArticle
FN:45,getArticleList
FN:51,createComment
FN:62,getCommentList
FN:72,createLike
FN:78,deleteLike
FNF:9
FNH:0
FNDA:0,createArticle
FNDA:0,getArticle
FNDA:0,updateArticle
FNDA:0,deleteArticle
FNDA:0,getArticleList
FNDA:0,createComment
FNDA:0,getCommentList
FNDA:0,createLike
FNDA:0,deleteLike
DA:2,1
DA:3,1
DA:4,1
DA:9,1
DA:10,1
DA:11,1
DA:12,1
DA:14,1
DA:15,0
DA:16,0
DA:20,0
DA:23,1
DA:24,0
DA:25,0
DA:26,0
DA:29,1
DA:30,0
DA:31,0
DA:32,0
DA:36,0
DA:39,1
DA:40,0
DA:41,0
DA:42,0
DA:45,1
DA:46,0
DA:47,0
DA:48,0
DA:51,1
DA:52,0
DA:53,0
DA:54,0
DA:59,0
DA:62,1
DA:63,0
DA:64,0
DA:65,0
DA:69,0
DA:72,1
DA:73,0
DA:74,0
DA:75,0
DA:78,1
DA:79,0
DA:80,0
DA:81,0
LF:46
LH:16
BRF:0
BRH:0
end_of_record
TN:
SF:src/controllers/auth.controller.ts
FN:8,register
FN:14,login
FN:21,logout
FN:26,refreshToken
FN:34,setTokenCookies
FN:48,clearTokenCookies
FNF:6
FNH:0
FNDA:0,register
FNDA:0,login
FNDA:0,logout
FNDA:0,refreshToken
FNDA:0,setTokenCookies
FNDA:0,clearTokenCookies
DA:2,1
DA:3,1
DA:4,1
DA:5,1
DA:6,1
DA:8,1
DA:9,0
DA:10,0
DA:11,0
DA:14,1
DA:15,0
DA:16,0
DA:17,0
DA:18,0
DA:21,1
DA:22,0
DA:23,0
DA:26,1
DA:27,0
DA:29,0
DA:30,0
DA:31,0
DA:35,0
DA:40,0
DA:49,0
DA:50,0
LF:26
LH:9
BRF:0
BRH:0
end_of_record
TN:
SF:src/controllers/comment.controller.ts
FN:7,updateComment
FN:14,deleteComment
FNF:2
FNH:0
FNDA:0,updateComment
FNDA:0,deleteComment
DA:2,1
DA:3,1
DA:4,1
DA:5,1
DA:7,1
DA:8,0
DA:9,0
DA:10,0
DA:11,0
DA:14,1
DA:15,0
DA:16,0
DA:17,0
LF:13
LH:6
BRF:0
BRH:0
end_of_record
TN:
SF:src/controllers/error.controller.ts
FN:8,defaultNotFoundHandler
FN:16,globalErrorHandler
FNF:2
FNH:0
FNDA:0,defaultNotFoundHandler
FNDA:0,globalErrorHandler
DA:2,1
DA:3,1
DA:4,1
DA:5,1
DA:6,1
DA:8,1
DA:13,0
DA:16,1
DA:23,0
DA:24,0
DA:25,0
DA:29,0
DA:30,0
DA:31,0
DA:35,0
DA:36,0
DA:37,0
DA:38,0
DA:42,0
DA:43,0
DA:44,0
DA:47,0
DA:48,0
DA:49,0
DA:52,0
DA:53,0
DA:54,0
DA:57,0
DA:58,0
LF:29
LH:7
BRDA:23,0,0,0
BRDA:23,0,1,0
BRDA:23,1,0,0
BRDA:23,1,1,0
BRDA:29,2,0,0
BRDA:29,2,1,0
BRDA:29,3,0,0
BRDA:29,3,1,0
BRDA:35,4,0,0
BRDA:35,4,1,0
BRDA:42,5,0,0
BRDA:42,5,1,0
BRDA:47,6,0,0
BRDA:47,6,1,0
BRDA:52,7,0,0
BRDA:52,7,1,0
BRF:16
BRH:0
end_of_record
TN:
SF:src/controllers/image.controller.ts
FN:13,(anonymous_8)
FN:16,(anonymous_9)
FN:27,(anonymous_10)
FN:37,uploadImage
FNF:4
FNH:0
FNDA:0,(anonymous_8)
FNDA:0,(anonymous_9)
FNDA:0,(anonymous_10)
FNDA:0,uploadImage
DA:2,1
DA:3,1
DA:4,1
DA:5,1
DA:6,1
DA:8,1
DA:9,1
DA:11,1
DA:14,0
DA:17,0
DA:18,0
DA:19,0
DA:28,0
DA:29,0
DA:30,0
DA:33,0
DA:37,1
DA:38,0
DA:39,0
DA:40,0
DA:42,0
DA:43,0
DA:45,0
DA:46,0
DA:47,0
LF:25
LH:9
BRDA:28,0,0,0
BRDA:28,0,1,0
BRDA:39,1,0,0
BRDA:39,1,1,0
BRDA:42,2,0,0
BRDA:42,2,1,0
BRF:6
BRH:0
end_of_record
TN:
SF:src/controllers/notification.controller.ts
FN:6,getNotifications
FN:13,updateNotification
FNF:2
FNH:0
FNDA:0,getNotifications
FNDA:0,updateNotification
DA:2,1
DA:3,1
DA:4,1
DA:6,1
DA:7,0
DA:8,0
DA:10,0
DA:13,1
DA:14,0
DA:15,0
DA:16,0
DA:18,0
LF:12
LH:5
BRF:0
BRH:0
end_of_record
TN:
SF:src/controllers/product.controller.ts
FN:14,createProduct
FN:23,getProduct
FN:29,updateProduct
FN:39,deleteProduct
FN:45,getProductList
FN:53,createComment
FN:64,getCommentList
FN:71,createFavorite
FN:77,deleteFavorite
FNF:9
FNH:0
FNDA:0,createProduct
FNDA:0,getProduct
FNDA:0,updateProduct
FNDA:0,deleteProduct
FNDA:0,getProductList
FNDA:0,createComment
FNDA:0,getCommentList
FNDA:0,createFavorite
FNDA:0,deleteFavorite
DA:2,1
DA:3,1
DA:4,1
DA:9,1
DA:10,1
DA:11,1
DA:12,1
DA:14,1
DA:15,0
DA:16,0
DA:20,0
DA:23,1
DA:24,0
DA:25,0
DA:26,0
DA:29,1
DA:30,0
DA:31,0
DA:32,0
DA:36,0
DA:39,1
DA:40,0
DA:41,0
DA:42,0
DA:45,1
DA:46,0
DA:47,0
DA:50,0
DA:53,1
DA:54,0
DA:55,0
DA:56,0
DA:61,0
DA:64,1
DA:65,0
DA:66,0
DA:67,0
DA:68,0
DA:71,1
DA:72,0
DA:73,0
DA:74,0
DA:77,1
DA:78,0
DA:79,0
DA:80,0
LF:46
LH:16
BRDA:48,0,0,0
BRDA:48,0,1,0
BRDA:48,1,0,0
BRDA:48,1,1,0
BRF:4
BRH:0
end_of_record
TN:
SF:src/controllers/user.controller.ts
FN:13,getMe
FN:18,updateMe
FN:24,updateMyPassword
FN:30,getMyProductList
FN:45,getMyFavoriteList
FNF:5
FNH:0
FNDA:0,getMe
FNDA:0,updateMe
FNDA:0,updateMyPassword
FNDA:0,getMyProductList
FNDA:0,getMyFavoriteList
DA:2,1
DA:3,1
DA:9,1
DA:10,1
DA:11,1
DA:13,1
DA:14,0
DA:15,0
DA:18,1
DA:19,0
DA:20,0
DA:21,0
DA:24,1
DA:25,0
DA:26,0
DA:27,0
DA:30,1
DA:31,0
DA:32,0
DA:39,0
DA:45,1
DA:46,0
DA:47,0
DA:54,0
LF:24
LH:10
BRF:0
BRH:0
end_of_record
TN:
SF:src/dto/userResponse.dto.ts
FN:3,(anonymous_1)
FNF:1
FNH:0
FNDA:0,(anonymous_1)
DA:3,1
DA:4,0
DA:5,0
DA:8,1
LF:4
LH:2
BRF:0
BRH:0
end_of_record
TN:
SF:src/lib/constants.ts
FNF:0
FNH:0
DA:1,1
DA:2,1
DA:4,1
DA:5,1
DA:6,1
DA:7,1
DA:8,1
DA:10,1
DA:11,1
DA:12,1
DA:13,1
LF:11
LH:11
BRDA:6,0,0,1
BRDA:6,0,1,0
BRDA:7,1,0,1
BRDA:7,1,1,0
BRDA:9,2,0,1
BRDA:9,2,1,0
BRDA:10,3,0,1
BRDA:10,3,1,0
BRDA:11,4,0,1
BRDA:11,4,1,0
BRF:10
BRH:5
end_of_record
TN:
SF:src/lib/prismaClient.ts
FNF:0
FNH:0
DA:1,1
DA:3,1
LF:2
LH:2
BRF:0
BRH:0
end_of_record
TN:
SF:src/lib/token.ts
FN:7,generateTokens
FN:17,verifyAccessToken
FN:25,verifyRefreshToken
FNF:3
FNH:0
FNDA:0,generateTokens
FNDA:0,verifyAccessToken
FNDA:0,verifyRefreshToken
DA:1,1
DA:2,1
DA:7,1
DA:8,0
DA:11,0
DA:14,0
DA:17,1
DA:18,0
DA:19,0
DA:20,0
DA:22,0
DA:25,1
DA:26,0
DA:27,0
DA:28,0
DA:30,0
LF:16
LH:5
BRDA:19,0,0,0
BRDA:19,0,1,0
BRDA:27,1,0,0
BRDA:27,1,1,0
BRF:4
BRH:0
end_of_record
TN:
SF:src/lib/websocket.ts
FN:9,setupWebSocket
FN:25,(anonymous_2)
FN:38,(anonymous_3)
FN:46,(anonymous_4)
FN:51,(anonymous_5)
FN:56,notifyToUser
FNF:6
FNH:0
FNDA:0,setupWebSocket
FNDA:0,(anonymous_2)
FNDA:0,(anonymous_3)
FNDA:0,(anonymous_4)
FNDA:0,(anonymous_5)
FNDA:0,notifyToUser
DA:1,1
DA:3,1
DA:4,1
DA:9,1
DA:10,0
DA:12,0
DA:23,0
DA:25,0
DA:26,0
DA:27,0
DA:29,0
DA:30,0
DA:31,0
DA:32,0
DA:34,0
DA:38,0
DA:39,0
DA:42,0
DA:43,0
DA:46,0
DA:47,0
DA:51,0
DA:52,0
DA:56,1
DA:57,0
LF:25
LH:5
BRDA:27,0,0,0
BRDA:27,0,1,0
BRF:2
BRH:0
end_of_record
TN:
SF:src/lib/withAsync.ts
FN:3,withAsync
FN:4,(anonymous_8)
FNF:2
FNH:1
FNDA:32,withAsync
FNDA:0,(anonymous_8)
DA:3,1
DA:4,32
DA:5,0
DA:6,0
DA:8,0
LF:5
LH:2
BRF:0
BRH:0
end_of_record
TN:
SF:src/lib/errors/BadRequestError.ts
FN:2,(anonymous_0)
FNF:1
FNH:0
FNDA:0,(anonymous_0)
DA:3,0
DA:4,0
DA:8,1
LF:3
LH:1
BRF:0
BRH:0
end_of_record
TN:
SF:src/lib/errors/ForbiddenError.ts
FN:2,(anonymous_0)
FNF:1
FNH:0
FNDA:0,(anonymous_0)
DA:3,0
DA:4,0
DA:8,1
LF:3
LH:1
BRF:0
BRH:0
end_of_record
TN:
SF:src/lib/errors/NotFoundError.ts
FN:2,(anonymous_0)
FNF:1
FNH:0
FNDA:0,(anonymous_0)
DA:3,0
DA:4,0
DA:8,1
LF:3
LH:1
BRF:0
BRH:0
end_of_record
TN:
SF:src/lib/errors/UnauthorizedError.ts
FN:2,(anonymous_0)
FNF:1
FNH:0
FNDA:0,(anonymous_0)
DA:3,0
DA:4,0
DA:8,1
LF:3
LH:1
BRF:0
BRH:0
end_of_record
TN:
SF:src/middleware/authenticate.ts
FN:5,authenticate
FN:6,(anonymous_17)
FN:6,(anonymous_18)
FNF:3
FNH:1
FNDA:25,authenticate
FNDA:0,(anonymous_17)
FNDA:0,(anonymous_18)
DA:2,1
DA:3,1
DA:6,25
DA:7,0
DA:8,0
DA:9,0
DA:10,0
DA:12,0
DA:13,0
DA:14,0
DA:16,0
DA:17,0
DA:19,0
DA:23,1
LF:14
LH:4
BRDA:5,0,0,21
BRDA:12,1,0,0
BRDA:12,1,1,0
BRF:3
BRH:1
end_of_record
TN:
SF:src/repository/article.repo.ts
FN:5,createArticle
FN:14,getArticle
FN:19,getArticleWithLkes
FN:20,(anonymous_12)
FN:39,(anonymous_13)
FN:44,getArticleListWithLikes
FN:45,(anonymous_15)
FN:67,(anonymous_16)
FN:72,(anonymous_17)
FN:82,updateArticleWithLikes
FN:97,(anonymous_20)
FN:102,deleteArticle
FNF:12
FNH:0
FNDA:0,createArticle
FNDA:0,getArticle
FNDA:0,getArticleWithLkes
FNDA:0,(anonymous_12)
FNDA:0,(anonymous_13)
FNDA:0,getArticleListWithLikes
FNDA:0,(anonymous_15)
FNDA:0,(anonymous_16)
FNDA:0,(anonymous_17)
FNDA:0,updateArticleWithLikes
FNDA:0,(anonymous_20)
FNDA:0,deleteArticle
DA:2,1
DA:5,1
DA:8,0
DA:11,0
DA:14,1
DA:15,0
DA:16,0
DA:19,1
DA:20,0
DA:23,0
DA:30,0
DA:31,0
DA:34,0
DA:39,0
DA:44,1
DA:45,0
DA:52,0
DA:56,0
DA:57,0
DA:67,0
DA:72,0
DA:76,0
DA:82,1
DA:86,0
DA:93,0
DA:97,0
DA:102,1
DA:103,0
LF:28
LH:7
BRDA:21,0,0,0
BRDA:30,1,0,0
BRDA:30,1,1,0
BRDA:38,2,0,0
BRDA:38,2,1,0
BRDA:46,3,0,0
BRDA:53,4,0,0
BRDA:53,4,1,0
BRDA:60,5,0,0
BRDA:60,5,1,0
BRDA:71,6,0,0
BRDA:71,6,1,0
BRDA:96,7,0,0
BRDA:96,7,1,0
BRF:14
BRH:0
end_of_record
TN:
SF:src/repository/comment.repo.ts
FN:5,createComment
FN:14,getComment
FN:21,getCommentList
FN:22,(anonymous_12)
FN:41,updateComment
FN:48,deleteComment
FNF:6
FNH:0
FNDA:0,createComment
FNDA:0,getComment
FNDA:0,getCommentList
FNDA:0,(anonymous_12)
FNDA:0,updateComment
FNDA:0,deleteComment
DA:2,1
DA:5,1
DA:8,0
DA:11,0
DA:14,1
DA:15,0
DA:18,0
DA:21,1
DA:22,0
DA:25,0
DA:31,0
DA:32,0
DA:33,0
DA:35,0
DA:41,1
DA:42,0
DA:48,1
DA:49,0
LF:18
LH:6
BRDA:26,0,0,0
BRDA:26,0,1,0
BRDA:33,1,0,0
BRDA:33,1,1,0
BRF:4
BRH:0
end_of_record
TN:
SF:src/repository/favorite.repo.ts
FN:4,createFavorite
FN:11,getFavorite
FN:18,getFavoriteMember
FN:24,deleteFavorite
FNF:4
FNH:0
FNDA:0,createFavorite
FNDA:0,getFavorite
FNDA:0,getFavoriteMember
FNDA:0,deleteFavorite
DA:2,1
DA:4,1
DA:5,0
DA:8,0
DA:11,1
DA:12,0
DA:15,0
DA:18,1
DA:19,0
DA:24,1
DA:25,0
LF:11
LH:5
BRF:0
BRH:0
end_of_record
TN:
SF:src/repository/like.repo.ts
FN:4,createLike
FN:11,getLike
FN:18,deleteLike
FNF:3
FNH:0
FNDA:0,createLike
FNDA:0,getLike
FNDA:0,deleteLike
DA:2,1
DA:4,1
DA:5,0
DA:8,0
DA:11,1
DA:12,0
DA:15,0
DA:18,1
DA:19,0
LF:9
LH:4
BRF:0
BRH:0
end_of_record
TN:
SF:src/repository/notification.repo.ts
FN:5,createNotification
FN:25,getNotificationList
FN:37,getNotification
FN:41,patchNotification
FNF:4
FNH:0
FNDA:0,createNotification
FNDA:0,getNotificationList
FNDA:0,getNotification
FNDA:0,patchNotification
DA:1,1
DA:5,1
DA:12,0
DA:14,0
DA:25,1
DA:26,0
DA:34,0
DA:37,1
DA:38,0
DA:41,1
DA:42,0
LF:11
LH:5
BRDA:19,0,0,0
BRDA:19,0,1,0
BRDA:19,1,0,0
BRDA:19,1,1,0
BRDA:20,2,0,0
BRDA:20,2,1,0
BRDA:20,3,0,0
BRDA:20,3,1,0
BRF:8
BRH:0
end_of_record
TN:
SF:src/repository/product.repo.ts
FN:5,createProduct
FN:13,getProduct
FN:20,getProductWithFavorites
FN:34,(anonymous_13)
FN:40,getProductListWithFavorites
FN:41,(anonymous_15)
FN:71,(anonymous_16)
FN:77,(anonymous_17)
FN:87,getFavoriteProductListByOwnerId
FN:88,(anonymous_19)
FN:126,(anonymous_20)
FN:139,updateProductWithFavorites
FN:155,(anonymous_23)
FN:161,deleteProduct
FNF:14
FNH:0
FNDA:0,createProduct
FNDA:0,getProduct
FNDA:0,getProductWithFavorites
FNDA:0,(anonymous_13)
FNDA:0,getProductListWithFavorites
FNDA:0,(anonymous_15)
FNDA:0,(anonymous_16)
FNDA:0,(anonymous_17)
FNDA:0,getFavoriteProductListByOwnerId
FNDA:0,(anonymous_19)
FNDA:0,(anonymous_20)
FNDA:0,updateProductWithFavorites
FNDA:0,(anonymous_23)
FNDA:0,deleteProduct
DA:2,1
DA:5,1
DA:8,0
DA:13,1
DA:14,0
DA:17,0
DA:20,1
DA:21,0
DA:25,0
DA:26,0
DA:29,0
DA:34,0
DA:37,0
DA:40,1
DA:41,0
DA:48,0
DA:57,0
DA:61,0
DA:71,0
DA:77,0
DA:81,0
DA:87,1
DA:88,0
DA:91,0
DA:99,0
DA:109,0
DA:126,0
DA:133,0
DA:139,1
DA:143,0
DA:150,0
DA:155,0
DA:158,0
DA:161,1
DA:162,0
LF:35
LH:8
BRDA:25,0,0,0
BRDA:25,0,1,0
BRDA:33,1,0,0
BRDA:33,1,1,0
BRDA:42,2,0,0
BRDA:48,3,0,0
BRDA:48,3,1,0
BRDA:64,4,0,0
BRDA:64,4,1,0
BRDA:76,5,0,0
BRDA:76,5,1,0
BRDA:91,6,0,0
BRDA:91,6,1,0
BRDA:112,7,0,0
BRDA:112,7,1,0
BRDA:154,8,0,0
BRDA:154,8,1,0
BRF:17
BRH:0
end_of_record
TN:
SF:src/repository/user.repo.ts
FN:4,createUser
FN:13,getUser
FN:20,getUserByEmail
FN:27,updateUser
FN:35,deleteUser
FNF:5
FNH:0
FNDA:0,createUser
FNDA:0,getUser
FNDA:0,getUserByEmail
FNDA:0,updateUser
FNDA:0,deleteUser
DA:2,1
DA:4,1
DA:7,0
DA:10,0
DA:13,1
DA:14,0
DA:17,0
DA:20,1
DA:21,0
DA:24,0
DA:27,1
DA:28,0
DA:32,0
DA:35,1
DA:36,0
LF:15
LH:6
BRF:0
BRH:0
end_of_record
TN:
SF:src/routers/article.router.ts
FNF:0
FNH:0
DA:1,1
DA:2,1
DA:3,1
DA:14,1
DA:16,1
DA:18,1
DA:19,1
DA:24,1
DA:29,1
DA:30,1
DA:31,1
DA:32,1
DA:33,1
DA:34,1
DA:36,1
LF:15
LH:15
BRF:0
BRH:0
end_of_record
TN:
SF:src/routers/auth.router.ts
FNF:0
FNH:0
DA:1,1
DA:2,1
DA:8,1
DA:10,1
DA:12,1
DA:13,1
DA:14,1
DA:15,1
DA:17,1
LF:9
LH:9
BRF:0
BRH:0
end_of_record
TN:
SF:src/routers/comment.router.ts
FNF:0
FNH:0
DA:1,1
DA:2,1
DA:3,1
DA:4,1
DA:6,1
DA:8,1
DA:9,1
DA:11,1
LF:8
LH:8
BRF:0
BRH:0
end_of_record
TN:
SF:src/routers/image.router.ts
FNF:0
FNH:0
DA:1,1
DA:2,1
DA:3,1
DA:5,1
DA:7,1
DA:9,1
LF:6
LH:6
BRF:0
BRH:0
end_of_record
TN:
SF:src/routers/notification.router.ts
FNF:0
FNH:0
DA:1,1
DA:2,1
DA:3,1
DA:4,1
DA:6,1
DA:8,1
DA:10,1
DA:12,1
LF:8
LH:8
BRF:0
BRH:0
end_of_record
TN:
SF:src/routers/product.router.ts
FNF:0
FNH:0
DA:1,1
DA:2,1
DA:3,1
DA:14,1
DA:16,1
DA:18,1
DA:19,1
DA:24,1
DA:25,1
DA:26,1
DA:31,1
DA:32,1
DA:33,1
DA:38,1
DA:44,1
LF:15
LH:15
BRF:0
BRH:0
end_of_record
TN:
SF:src/routers/user.router.ts
FNF:0
FNH:0
DA:1,1
DA:2,1
DA:3,1
DA:10,1
DA:12,1
DA:14,1
DA:15,1
DA:16,1
DA:17,1
DA:18,1
DA:20,1
LF:11
LH:11
BRF:0
BRH:0
end_of_record
TN:
SF:src/service/article.service.ts
FN:10,createArticle
FN:19,getArticle
FN:27,getArticleList
FN:34,updateArticle
FN:48,deleteArticle
FNF:5
FNH:0
FNDA:0,createArticle
FNDA:0,getArticle
FNDA:0,getArticleList
FNDA:0,updateArticle
FNDA:0,deleteArticle
DA:1,1
DA:3,1
DA:4,1
DA:10,1
DA:11,0
DA:12,0
DA:19,1
DA:20,0
DA:21,0
DA:22,0
DA:24,0
DA:27,1
DA:30,0
DA:31,0
DA:34,1
DA:35,0
DA:36,0
DA:37,0
DA:40,0
DA:41,0
DA:44,0
DA:45,0
DA:48,1
DA:49,0
DA:50,0
DA:51,0
DA:54,0
DA:55,0
DA:58,0
LF:29
LH:8
BRDA:21,0,0,0
BRDA:21,0,1,0
BRDA:36,1,0,0
BRDA:36,1,1,0
BRDA:40,2,0,0
BRDA:40,2,1,0
BRDA:50,3,0,0
BRDA:50,3,1,0
BRDA:54,4,0,0
BRDA:54,4,1,0
BRF:10
BRH:0
end_of_record
TN:
SF:src/service/auth.service.ts
FN:12,verifyPassword
FN:16,hashPassword
FN:21,register
FN:39,login
FN:57,refreshToken
FN:76,updateMyPassword
FN:91,authenticate
FNF:7
FNH:0
FNDA:0,verifyPassword
FNDA:0,hashPassword
FNDA:0,register
FNDA:0,login
FNDA:0,refreshToken
FNDA:0,updateMyPassword
FNDA:0,authenticate
DA:1,1
DA:2,1
DA:3,1
DA:4,1
DA:5,1
DA:6,1
DA:13,0
DA:17,0
DA:18,0
DA:21,1
DA:22,0
DA:23,0
DA:24,0
DA:27,0
DA:29,0
DA:36,0
DA:39,1
DA:40,0
DA:41,0
DA:42,0
DA:45,0
DA:46,0
DA:47,0
DA:50,0
DA:51,0
DA:57,1
DA:58,0
DA:59,0
DA:62,0
DA:64,0
DA:65,0
DA:66,0
DA:69,0
DA:70,0
DA:76,1
DA:77,0
DA:78,0
DA:79,0
DA:82,0
DA:83,0
DA:84,0
DA:87,0
DA:88,0
DA:91,1
DA:92,0
DA:93,0
DA:96,0
DA:97,0
DA:98,0
DA:99,0
DA:101,0
LF:51
LH:11
BRDA:23,0,0,0
BRDA:23,0,1,0
BRDA:41,1,0,0
BRDA:41,1,1,0
BRDA:46,2,0,0
BRDA:46,2,1,0
BRDA:58,3,0,0
BRDA:58,3,1,0
BRDA:65,4,0,0
BRDA:65,4,1,0
BRDA:78,5,0,0
BRDA:78,5,1,0
BRDA:83,6,0,0
BRDA:83,6,1,0
BRDA:92,7,0,0
BRDA:92,7,1,0
BRDA:98,8,0,0
BRDA:98,8,1,0
BRF:18
BRH:0
end_of_record
TN:
SF:src/service/comment.service.ts
FN:20,createComment
FN:26,(anonymous_19)
FN:26,(anonymous_20)
FN:36,(anonymous_21)
FN:36,(anonymous_22)
FN:92,getComment
FN:100,getCommentListByArticleId
FN:113,getCommentListByProductId
FN:126,updateComment
FN:139,deleteComment
FNF:10
FNH:0
FNDA:0,createComment
FNDA:0,(anonymous_19)
FNDA:0,(anonymous_20)
FNDA:0,(anonymous_21)
FNDA:0,(anonymous_22)
FNDA:0,getComment
FNDA:0,getCommentListByArticleId
FNDA:0,getCommentListByProductId
FNDA:0,updateComment
FNDA:0,deleteComment
DA:1,1
DA:2,1
DA:3,1
DA:4,1
DA:7,1
DA:8,1
DA:10,1
DA:20,1
DA:22,0
DA:25,0
DA:26,0
DA:27,0
DA:28,0
DA:30,0
DA:36,0
DA:37,0
DA:38,0
DA:39,0
DA:47,0
DA:53,0
DA:54,0
DA:57,0
DA:58,0
DA:59,0
DA:66,0
DA:73,0
DA:74,0
DA:81,0
DA:89,0
DA:92,1
DA:93,0
DA:94,0
DA:95,0
DA:97,0
DA:100,1
DA:104,0
DA:105,0
DA:106,0
DA:109,0
DA:110,0
DA:113,1
DA:117,0
DA:118,0
DA:119,0
DA:122,0
DA:123,0
DA:126,1
DA:127,0
DA:128,0
DA:129,0
DA:132,0
DA:133,0
DA:136,0
DA:139,1
DA:140,0
DA:141,0
DA:142,0
DA:145,0
DA:146,0
DA:149,0
LF:60
LH:13
BRDA:25,0,0,0
BRDA:25,0,1,0
BRDA:28,1,0,0
BRDA:28,1,1,0
BRDA:38,2,0,0
BRDA:38,2,1,0
BRDA:49,3,0,0
BRDA:49,3,1,0
BRDA:49,4,0,0
BRDA:49,4,1,0
BRDA:50,5,0,0
BRDA:50,5,1,0
BRDA:50,6,0,0
BRDA:50,6,1,0
BRDA:57,7,0,0
BRDA:57,7,1,0
BRDA:58,8,0,0
BRDA:58,8,1,0
BRDA:73,9,0,0
BRDA:73,9,1,0
BRDA:94,10,0,0
BRDA:94,10,1,0
BRDA:105,11,0,0
BRDA:105,11,1,0
BRDA:118,12,0,0
BRDA:118,12,1,0
BRDA:128,13,0,0
BRDA:128,13,1,0
BRDA:132,14,0,0
BRDA:132,14,1,0
BRDA:141,15,0,0
BRDA:141,15,1,0
BRDA:145,16,0,0
BRDA:145,16,1,0
BRF:34
BRH:0
end_of_record
TN:
SF:src/service/favorite.service.ts
FN:6,createFavorite
FN:20,deleteFavorite
FNF:2
FNH:0
FNDA:0,createFavorite
FNDA:0,deleteFavorite
DA:1,1
DA:2,1
DA:3,1
DA:4,1
DA:6,1
DA:7,0
DA:8,0
DA:9,0
DA:12,0
DA:13,0
DA:14,0
DA:17,0
DA:20,1
DA:21,0
DA:22,0
DA:23,0
DA:26,0
DA:27,0
DA:28,0
DA:31,0
LF:20
LH:6
BRDA:8,0,0,0
BRDA:8,0,1,0
BRDA:13,1,0,0
BRDA:13,1,1,0
BRDA:22,2,0,0
BRDA:22,2,1,0
BRDA:27,3,0,0
BRDA:27,3,1,0
BRF:8
BRH:0
end_of_record
TN:
SF:src/service/like.service.ts
FN:6,createLike
FN:20,deleteLike
FNF:2
FNH:0
FNDA:0,createLike
FNDA:0,deleteLike
DA:1,1
DA:2,1
DA:3,1
DA:4,1
DA:6,1
DA:7,0
DA:8,0
DA:9,0
DA:12,0
DA:13,0
DA:14,0
DA:17,0
DA:20,1
DA:21,0
DA:22,0
DA:23,0
DA:26,0
DA:27,0
DA:28,0
DA:31,0
LF:20
LH:6
BRDA:8,0,0,0
BRDA:8,0,1,0
BRDA:13,1,0,0
BRDA:13,1,1,0
BRDA:22,2,0,0
BRDA:22,2,1,0
BRDA:27,3,0,0
BRDA:27,3,1,0
BRF:8
BRH:0
end_of_record
TN:
SF:src/service/notification.service.ts
FN:4,getNotificationList
FN:10,updateNotificationInfo
FNF:2
FNH:0
FNDA:0,getNotificationList
FNDA:0,updateNotificationInfo
DA:1,1
DA:2,1
DA:4,1
DA:5,0
DA:7,0
DA:10,1
DA:11,0
DA:12,0
DA:14,0
DA:15,0
LF:10
LH:4
BRDA:12,0,0,0
BRDA:12,0,1,0
BRF:2
BRH:0
end_of_record
TN:
SF:src/service/product.service.ts
FN:16,createProduct
FN:25,getProduct
FN:33,getProductList
FN:34,(anonymous_22)
FN:41,updateProduct
FN:61,(anonymous_25)
FN:71,(anonymous_26)
FN:82,deleteProduct
FNF:8
FNH:0
FNDA:0,createProduct
FNDA:0,getProduct
FNDA:0,getProductList
FNDA:0,(anonymous_22)
FNDA:0,updateProduct
FNDA:0,(anonymous_25)
FNDA:0,(anonymous_26)
FNDA:0,deleteProduct
DA:1,1
DA:2,1
DA:3,1
DA:4,1
DA:5,1
DA:8,1
DA:16,1
DA:17,0
DA:18,0
DA:25,1
DA:26,0
DA:27,0
DA:28,0
DA:30,0
DA:33,1
DA:34,0
DA:37,0
DA:38,0
DA:41,1
DA:42,0
DA:43,0
DA:44,0
DA:46,0
DA:47,0
DA:49,0
DA:51,0
DA:52,0
DA:54,0
DA:55,0
DA:57,0
DA:58,0
DA:60,0
DA:62,0
DA:71,0
DA:72,0
DA:79,0
DA:82,1
DA:83,0
DA:84,0
DA:85,0
DA:87,0
DA:88,0
DA:90,0
LF:43
LH:11
BRDA:27,0,0,0
BRDA:27,0,1,0
BRDA:35,1,0,0
BRDA:43,2,0,0
BRDA:43,2,1,0
BRDA:46,3,0,0
BRDA:46,3,1,0
BRDA:57,4,0,0
BRDA:57,4,1,0
BRDA:57,5,0,0
BRDA:57,5,1,0
BRDA:58,6,0,0
BRDA:58,6,1,0
BRDA:84,7,0,0
BRDA:84,7,1,0
BRDA:87,8,0,0
BRDA:87,8,1,0
BRF:17
BRH:0
end_of_record
TN:
SF:src/service/user.service.ts
FN:10,getUser
FN:19,updateUser
FN:24,getMyProductList
FN:34,getMyFavoriteList
FNF:4
FNH:0
FNDA:0,getUser
FNDA:0,updateUser
FNDA:0,getMyProductList
FNDA:0,getMyFavoriteList
DA:3,1
DA:4,1
DA:5,1
DA:10,1
DA:11,0
DA:12,0
DA:13,0
DA:16,0
DA:19,1
DA:20,0
DA:21,0
DA:24,1
DA:28,0
DA:31,0
DA:34,1
DA:38,0
DA:39,0
LF:17
LH:7
BRDA:12,0,0,0
BRDA:12,0,1,0
BRF:2
BRH:0
end_of_record
TN:
SF:src/structs/article.structs.ts
FN:7,(anonymous_0)
FNF:1
FNH:0
FNDA:0,(anonymous_0)
DA:1,1
DA:2,1
DA:4,1
DA:6,1
DA:7,0
DA:12,1
LF:6
LH:5
BRF:0
BRH:0
end_of_record
TN:
SF:src/structs/auth.structs.ts
FNF:0
FNH:0
DA:1,1
DA:3,1
DA:10,1
LF:3
LH:3
BRF:0
BRH:0
end_of_record
TN:
SF:src/structs/comment.struct.ts
FNF:0
FNH:0
DA:1,1
DA:2,1
DA:4,1
DA:10,1
DA:12,1
LF:5
LH:5
BRF:0
BRH:0
end_of_record
TN:
SF:src/structs/common.structs.ts
FN:4,(anonymous_0)
FNF:1
FNH:0
FNDA:0,(anonymous_0)
DA:1,1
DA:4,1
DA:6,1
DA:10,1
DA:17,1
LF:5
LH:5
BRF:0
BRH:0
end_of_record
TN:
SF:src/structs/product.struct.ts
FN:5,(anonymous_0)
FNF:1
FNH:0
FNDA:0,(anonymous_0)
DA:1,1
DA:2,1
DA:4,1
DA:5,0
DA:12,1
DA:14,1
LF:6
LH:5
BRF:0
BRH:0
end_of_record
TN:
SF:src/structs/user.structs.ts
FNF:0
FNH:0
DA:1,1
DA:2,1
DA:4,1
DA:12,1
DA:17,1
DA:19,1
LF:6
LH:6
BRF:0
BRH:0
end_of_record
